<?xml version="1.0" encoding="UTF-8" standalone="yes"?>
<testsuites name="Complete_Wallet_UI" time="353" tests="10" failures="13" errors="0">
    <testsuite name="Complete_Wallet_UI" tests="10" failures="13" errors="0" time="353" timestamp="2019-10-11 16:14:59" hostname="vinayaka.prabhu - BLRW-36SF9X2.scientificgames.com" id="Test Suites/Complete_Wallet_UI/Complete_Wallet_UI">
        <properties>
[...]
</properties>
        <testcase name="Test Cases/Login/AdminLogin_ShouldSucceed" classname="Test Cases/Login/AdminLogin_ShouldSucceed" status="PASSED">
            <system-out>2019-10-11 16:14:59 - [TEST_CASE][PASSED] - Test Cases/Login/AdminLogin_ShouldSucceed: Test Cases/Login/AdminLogin_ShouldSucceed&#xD;
&#xD;
2019-10-11 16:15:00 - [TEST_STEP][PASSED] - openBrowser(""): Browser is opened with url: ''&#xD;
&#xD;
2019-10-11 16:15:00 - [MESSAGE][INFO] - Starting 'Chrome' driver&#xD;
&#xD;
2019-10-11 16:15:00 - [MESSAGE][INFO] - Action delay is set to 0 seconds&#xD;
&#xD;
2019-10-11 16:15:04 - [MESSAGE][PASSED] - Browser is opened with url: ''&#xD;
&#xD;
2019-10-11 16:15:04 - [TEST_STEP][PASSED] - maximizeWindow(): Current window maximized&#xD;
&#xD;
2019-10-11 16:15:05 - [MESSAGE][PASSED] - Current window maximized&#xD;
&#xD;
2019-10-11 16:15:05 - [TEST_STEP][PASSED] - navigateToUrl(login_url): Navigate to 'https://10.2.200.37:8441/login' successfully&#xD;
&#xD;
2019-10-11 16:15:08 - [MESSAGE][PASSED] - Navigate to 'https://10.2.200.37:8441/login' successfully&#xD;
&#xD;
2019-10-11 16:15:08 - [TEST_STEP][PASSED] - setText(findTestObject("Object Repository/Login_OR/AdminLogin_ShouldSucceed/Page_Unified Wallet/input_Sign in_mat-input-0"), username_admin): Text 'admin' is set on object 'Object Repository/Login_OR/AdminLogin_ShouldSucceed/Page_Unified Wallet/input_Sign in_mat-input-0'&#xD;
&#xD;
2019-10-11 16:15:08 - [MESSAGE][PASSED] - Text 'admin' is set on object 'Object Repository/Login_OR/AdminLogin_ShouldSucceed/Page_Unified Wallet/input_Sign in_mat-input-0'&#xD;
&#xD;
2019-10-11 16:15:08 - [TEST_STEP][PASSED] - setEncryptedText(findTestObject("Object Repository/Login_OR/AdminLogin_ShouldSucceed/Page_Unified Wallet/input_Username_mat-input-1"), username_admins_Password): Text ****** has been set on object 'Object Repository/Login_OR/AdminLogin_ShouldSucceed/Page_Unified Wallet/input_Username_mat-input-1'&#xD;
&#xD;
2019-10-11 16:15:09 - [MESSAGE][PASSED] - Text ****** has been set on object 'Object Repository/Login_OR/AdminLogin_ShouldSucceed/Page_Unified Wallet/input_Username_mat-input-1'&#xD;
&#xD;
2019-10-11 16:15:09 - [TEST_STEP][PASSED] - click(findTestObject("Object Repository/Login_OR/AdminLogin_ShouldSucceed/Page_Unified Wallet/button_Login")): Object: 'Object Repository/Login_OR/AdminLogin_ShouldSucceed/Page_Unified Wallet/button_Login' is clicked on&#xD;
&#xD;
2019-10-11 16:15:09 - [MESSAGE][PASSED] - Object: 'Object Repository/Login_OR/AdminLogin_ShouldSucceed/Page_Unified Wallet/button_Login' is clicked on&#xD;
&#xD;
2019-10-11 16:15:09 - [TEST_STEP][PASSED] - delay(2): Delayed 2 second(s)&#xD;
&#xD;
2019-10-11 16:15:11 - [MESSAGE][PASSED] - Delayed 2 second(s)</system-out>
            <system-err></system-err>
        </testcase>
        <testcase name="Test Cases/Employee/Employee_Role_And_Task/Task Group/Add/Add_Role_new_ShoudlSucceed" classname="Test Cases/Employee/Employee_Role_And_Task/Task Group/Add/Add_Role_new_ShoudlSucceed" status="PASSED">
            <system-out>2019-10-11 16:15:11 - [TEST_CASE][PASSED] - Test Cases/Employee/Employee_Role_And_Task/Task Group/Add/Add_Role_new_ShoudlSucceed: Test Cases/Employee/Employee_Role_And_Task/Task Group/Add/Add_Role_new_ShoudlSucceed&#xD;
&#xD;
2019-10-11 16:15:11 - [TEST_STEP][PASSED] - callTestCase(findTestCase("Login/AdminLogin_ShouldSucceed"), [:], STOP_ON_FAILURE): Call Test Case 'Test Cases/Login/AdminLogin_ShouldSucceed' successfully&#xD;
&#xD;
2019-10-11 16:15:11 - [TEST_CASE][PASSED] - Test Cases/Login/AdminLogin_ShouldSucceed: Test Cases/Login/AdminLogin_ShouldSucceed&#xD;
&#xD;
2019-10-11 16:15:11 - [TEST_STEP][PASSED] - openBrowser(""): Browser is opened with url: ''&#xD;
&#xD;
2019-10-11 16:15:11 - [MESSAGE][WARNING] - A browser is already opened. Closing browser and opening a new one&#xD;
&#xD;
2019-10-11 16:15:12 - [MESSAGE][INFO] - Starting 'Chrome' driver&#xD;
&#xD;
2019-10-11 16:15:15 - [MESSAGE][PASSED] - Browser is opened with url: ''&#xD;
&#xD;
2019-10-11 16:15:15 - [TEST_STEP][PASSED] - maximizeWindow(): Current window maximized&#xD;
&#xD;
2019-10-11 16:15:16 - [MESSAGE][PASSED] - Current window maximized&#xD;
&#xD;
2019-10-11 16:15:16 - [TEST_STEP][PASSED] - navigateToUrl(login_url): Navigate to 'https://10.2.200.37:8441/login' successfully&#xD;
&#xD;
2019-10-11 16:15:18 - [MESSAGE][PASSED] - Navigate to 'https://10.2.200.37:8441/login' successfully&#xD;
&#xD;
2019-10-11 16:15:18 - [TEST_STEP][PASSED] - setText(findTestObject("Object Repository/Login_OR/AdminLogin_ShouldSucceed/Page_Unified Wallet/input_Sign in_mat-input-0"), username_admin): Text 'admin' is set on object 'Object Repository/Login_OR/AdminLogin_ShouldSucceed/Page_Unified Wallet/input_Sign in_mat-input-0'&#xD;
&#xD;
2019-10-11 16:15:18 - [MESSAGE][PASSED] - Text 'admin' is set on object 'Object Repository/Login_OR/AdminLogin_ShouldSucceed/Page_Unified Wallet/input_Sign in_mat-input-0'&#xD;
&#xD;
2019-10-11 16:15:18 - [TEST_STEP][PASSED] - setEncryptedText(findTestObject("Object Repository/Login_OR/AdminLogin_ShouldSucceed/Page_Unified Wallet/input_Username_mat-input-1"), username_admins_Password): Text ****** has been set on object 'Object Repository/Login_OR/AdminLogin_ShouldSucceed/Page_Unified Wallet/input_Username_mat-input-1'&#xD;
&#xD;
2019-10-11 16:15:18 - [MESSAGE][PASSED] - Text ****** has been set on object 'Object Repository/Login_OR/AdminLogin_ShouldSucceed/Page_Unified Wallet/input_Username_mat-input-1'&#xD;
&#xD;
2019-10-11 16:15:18 - [TEST_STEP][PASSED] - click(findTestObject("Object Repository/Login_OR/AdminLogin_ShouldSucceed/Page_Unified Wallet/button_Login")): Object: 'Object Repository/Login_OR/AdminLogin_ShouldSucceed/Page_Unified Wallet/button_Login' is clicked on&#xD;
&#xD;
2019-10-11 16:15:18 - [MESSAGE][PASSED] - Object: 'Object Repository/Login_OR/AdminLogin_ShouldSucceed/Page_Unified Wallet/button_Login' is clicked on&#xD;
&#xD;
2019-10-11 16:15:18 - [TEST_STEP][PASSED] - delay(2): Delayed 2 second(s)&#xD;
&#xD;
2019-10-11 16:15:20 - [MESSAGE][PASSED] - Delayed 2 second(s)&#xD;
&#xD;
2019-10-11 16:15:20 - [MESSAGE][PASSED] - Call Test Case 'Test Cases/Login/AdminLogin_ShouldSucceed' successfully&#xD;
&#xD;
2019-10-11 16:15:20 - [TEST_STEP][PASSED] - click(findTestObject("Object Repository/Employee/Employee_Role_And_Task_OR/Task Group_OR/Add_OR/Add_Role_new_shouldSucceed/Add_new_Tgroup/div_more_vert_hamburgerWrapper"), OPTIONAL): Object: 'Object Repository/Employee/Employee_Role_And_Task_OR/Task Group_OR/Add_OR/Add_Role_new_shouldSucceed/Add_new_Tgroup/div_more_vert_hamburgerWrapper' is clicked on&#xD;
&#xD;
2019-10-11 16:15:23 - [MESSAGE][PASSED] - Object: 'Object Repository/Employee/Employee_Role_And_Task_OR/Task Group_OR/Add_OR/Add_Role_new_shouldSucceed/Add_new_Tgroup/div_more_vert_hamburgerWrapper' is clicked on&#xD;
&#xD;
2019-10-11 16:15:23 - [TEST_STEP][PASSED] - click(findTestObject("Object Repository/Employee/Employee_Role_And_Task_OR/Task Group_OR/Add_OR/Add_Role_new_shouldSucceed/Add_new_Tgroup/i_account_circle")): Object: 'Object Repository/Employee/Employee_Role_And_Task_OR/Task Group_OR/Add_OR/Add_Role_new_shouldSucceed/Add_new_Tgroup/i_account_circle' is clicked on&#xD;
&#xD;
2019-10-11 16:15:23 - [MESSAGE][PASSED] - Object: 'Object Repository/Employee/Employee_Role_And_Task_OR/Task Group_OR/Add_OR/Add_Role_new_shouldSucceed/Add_new_Tgroup/i_account_circle' is clicked on&#xD;
&#xD;
2019-10-11 16:15:23 - [TEST_STEP][PASSED] - click(findTestObject("Object Repository/Employee/Employee_Role_And_Task_OR/Task Group_OR/Add_OR/Add_Role_new_shouldSucceed/Add_new_Tgroup/a_assignmentRole And Task")): Object: 'Object Repository/Employee/Employee_Role_And_Task_OR/Task Group_OR/Add_OR/Add_Role_new_shouldSucceed/Add_new_Tgroup/a_assignmentRole And Task' is clicked on&#xD;
&#xD;
2019-10-11 16:15:23 - [MESSAGE][PASSED] - Object: 'Object Repository/Employee/Employee_Role_And_Task_OR/Task Group_OR/Add_OR/Add_Role_new_shouldSucceed/Add_new_Tgroup/a_assignmentRole And Task' is clicked on&#xD;
&#xD;
2019-10-11 16:15:23 - [TEST_STEP][PASSED] - click(findTestObject("Object Repository/Employee/Employee_Role_And_Task_OR/Task Group_OR/Add_OR/Add_Role_new_shouldSucceed/Add_new_Tgroup/div_Task Group"), OPTIONAL): Object: 'Object Repository/Employee/Employee_Role_And_Task_OR/Task Group_OR/Add_OR/Add_Role_new_shouldSucceed/Add_new_Tgroup/div_Task Group' is clicked on&#xD;
&#xD;
2019-10-11 16:15:24 - [MESSAGE][PASSED] - Object: 'Object Repository/Employee/Employee_Role_And_Task_OR/Task Group_OR/Add_OR/Add_Role_new_shouldSucceed/Add_new_Tgroup/div_Task Group' is clicked on&#xD;
&#xD;
2019-10-11 16:15:24 - [TEST_STEP][PASSED] - click(findTestObject("Object Repository/Employee/Employee_Role_And_Task_OR/Task Group_OR/Add_OR/Add_Role_new_shouldSucceed/Add_new_Tgroup/div_Task Group_1")): Object: 'Object Repository/Employee/Employee_Role_And_Task_OR/Task Group_OR/Add_OR/Add_Role_new_shouldSucceed/Add_new_Tgroup/div_Task Group_1' is clicked on&#xD;
&#xD;
2019-10-11 16:15:24 - [MESSAGE][PASSED] - Object: 'Object Repository/Employee/Employee_Role_And_Task_OR/Task Group_OR/Add_OR/Add_Role_new_shouldSucceed/Add_new_Tgroup/div_Task Group_1' is clicked on&#xD;
&#xD;
2019-10-11 16:15:24 - [TEST_STEP][PASSED] - delay(1): Delayed 1 second(s)&#xD;
&#xD;
2019-10-11 16:15:25 - [MESSAGE][PASSED] - Delayed 1 second(s)&#xD;
&#xD;
2019-10-11 16:15:25 - [TEST_STEP][PASSED] - click(findTestObject("Object Repository/Employee/Employee_Role_And_Task_OR/Task Group_OR/Add_OR/Add_Role_new_shouldSucceed/Add_new_Tgroup/i_add")): Object: 'Object Repository/Employee/Employee_Role_And_Task_OR/Task Group_OR/Add_OR/Add_Role_new_shouldSucceed/Add_new_Tgroup/i_add' is clicked on&#xD;
&#xD;
2019-10-11 16:15:25 - [MESSAGE][PASSED] - Object: 'Object Repository/Employee/Employee_Role_And_Task_OR/Task Group_OR/Add_OR/Add_Role_new_shouldSucceed/Add_new_Tgroup/i_add' is clicked on&#xD;
&#xD;
2019-10-11 16:15:25 - [TEST_STEP][PASSED] - setText(findTestObject("Object Repository/Employee/Employee_Role_And_Task_OR/Task Group_OR/Add_OR/Add_Role_new_shouldSucceed/Add_new_Tgroup/input_Create Role_code"), taskgroup_code): Text 'TVINC' is set on object 'Object Repository/Employee/Employee_Role_And_Task_OR/Task Group_OR/Add_OR/Add_Role_new_shouldSucceed/Add_new_Tgroup/input_Create Role_code'&#xD;
&#xD;
2019-10-11 16:15:25 - [MESSAGE][PASSED] - Text 'TVINC' is set on object 'Object Repository/Employee/Employee_Role_And_Task_OR/Task Group_OR/Add_OR/Add_Role_new_shouldSucceed/Add_new_Tgroup/input_Create Role_code'&#xD;
&#xD;
2019-10-11 16:15:25 - [TEST_STEP][PASSED] - setText(findTestObject("Object Repository/Employee/Employee_Role_And_Task_OR/Task Group_OR/Add_OR/Add_Role_new_shouldSucceed/Add_new_Tgroup/input_OrganizationCode_name"), taskgroup_name): Text 'TVINN' is set on object 'Object Repository/Employee/Employee_Role_And_Task_OR/Task Group_OR/Add_OR/Add_Role_new_shouldSucceed/Add_new_Tgroup/input_OrganizationCode_name'&#xD;
&#xD;
2019-10-11 16:15:26 - [MESSAGE][PASSED] - Text 'TVINN' is set on object 'Object Repository/Employee/Employee_Role_And_Task_OR/Task Group_OR/Add_OR/Add_Role_new_shouldSucceed/Add_new_Tgroup/input_OrganizationCode_name'&#xD;
&#xD;
2019-10-11 16:15:26 - [TEST_STEP][PASSED] - setText(findTestObject("Object Repository/Employee/Employee_Role_And_Task_OR/Task Group_OR/Add_OR/Add_Role_new_shouldSucceed/Add_new_Tgroup/input_Name_description"), taskgroup_description): Text 'TVIND' is set on object 'Object Repository/Employee/Employee_Role_And_Task_OR/Task Group_OR/Add_OR/Add_Role_new_shouldSucceed/Add_new_Tgroup/input_Name_description'&#xD;
&#xD;
2019-10-11 16:15:26 - [MESSAGE][PASSED] - Text 'TVIND' is set on object 'Object Repository/Employee/Employee_Role_And_Task_OR/Task Group_OR/Add_OR/Add_Role_new_shouldSucceed/Add_new_Tgroup/input_Name_description'&#xD;
&#xD;
2019-10-11 16:15:26 - [TEST_STEP][PASSED] - click(findTestObject("Object Repository/Employee/Employee_Role_And_Task_OR/Task Group_OR/Add_OR/Add_Role_new_shouldSucceed/Add_new_Tgroup/div_Search_mat-checkbox-inner-container")): Object: 'Object Repository/Employee/Employee_Role_And_Task_OR/Task Group_OR/Add_OR/Add_Role_new_shouldSucceed/Add_new_Tgroup/div_Search_mat-checkbox-inner-container' is clicked on&#xD;
&#xD;
2019-10-11 16:15:26 - [MESSAGE][PASSED] - Object: 'Object Repository/Employee/Employee_Role_And_Task_OR/Task Group_OR/Add_OR/Add_Role_new_shouldSucceed/Add_new_Tgroup/div_Search_mat-checkbox-inner-container' is clicked on&#xD;
&#xD;
2019-10-11 16:15:26 - [TEST_STEP][PASSED] - click(findTestObject("Object Repository/Employee/Employee_Role_And_Task_OR/Task Group_OR/Add_OR/Add_Role_new_shouldSucceed/Add_new_Tgroup/button_Proceed")): Object: 'Object Repository/Employee/Employee_Role_And_Task_OR/Task Group_OR/Add_OR/Add_Role_new_shouldSucceed/Add_new_Tgroup/button_Proceed' is clicked on&#xD;
&#xD;
2019-10-11 16:15:26 - [MESSAGE][PASSED] - Object: 'Object Repository/Employee/Employee_Role_And_Task_OR/Task Group_OR/Add_OR/Add_Role_new_shouldSucceed/Add_new_Tgroup/button_Proceed' is clicked on&#xD;
&#xD;
2019-10-11 16:15:26 - [TEST_STEP][PASSED] - delay(1): Delayed 1 second(s)&#xD;
&#xD;
2019-10-11 16:15:27 - [MESSAGE][PASSED] - Delayed 1 second(s)&#xD;
&#xD;
2019-10-11 16:15:27 - [TEST_STEP][PASSED] - click(findTestObject("Object Repository/Employee/Employee_Role_And_Task_OR/Task Group_OR/Add_OR/Add_Role_new_shouldSucceed/Add_new_Tgroup/div_Search_mat-checkbox-inner-container_1")): Object: 'Object Repository/Employee/Employee_Role_And_Task_OR/Task Group_OR/Add_OR/Add_Role_new_shouldSucceed/Add_new_Tgroup/div_Search_mat-checkbox-inner-container_1' is clicked on&#xD;
&#xD;
2019-10-11 16:15:27 - [MESSAGE][PASSED] - Object: 'Object Repository/Employee/Employee_Role_And_Task_OR/Task Group_OR/Add_OR/Add_Role_new_shouldSucceed/Add_new_Tgroup/div_Search_mat-checkbox-inner-container_1' is clicked on&#xD;
&#xD;
2019-10-11 16:15:27 - [TEST_STEP][PASSED] - click(findTestObject("Object Repository/Employee/Employee_Role_And_Task_OR/Task Group_OR/Add_OR/Add_Role_new_shouldSucceed/Add_new_Tgroup/button_Save")): Object: 'Object Repository/Employee/Employee_Role_And_Task_OR/Task Group_OR/Add_OR/Add_Role_new_shouldSucceed/Add_new_Tgroup/button_Save' is clicked on&#xD;
&#xD;
2019-10-11 16:15:27 - [MESSAGE][PASSED] - Object: 'Object Repository/Employee/Employee_Role_And_Task_OR/Task Group_OR/Add_OR/Add_Role_new_shouldSucceed/Add_new_Tgroup/button_Save' is clicked on&#xD;
&#xD;
2019-10-11 16:15:27 - [TEST_STEP][PASSED] - verifyTextPresent("", false): Text '' is present on page &#xD;
&#xD;
2019-10-11 16:15:27 - [MESSAGE][PASSED] - Text '' is present on page &#xD;
&#xD;
2019-10-11 16:15:27 - [TEST_STEP][PASSED] - click(findTestObject("Object Repository/Employee/Employee_Role_And_Task_OR/Task Group_OR/Add_OR/Add_Role_new_shouldSucceed/Add_new_Tgroup/button_Ok")): Object: 'Object Repository/Employee/Employee_Role_And_Task_OR/Task Group_OR/Add_OR/Add_Role_new_shouldSucceed/Add_new_Tgroup/button_Ok' is clicked on&#xD;
&#xD;
2019-10-11 16:15:28 - [MESSAGE][PASSED] - Object: 'Object Repository/Employee/Employee_Role_And_Task_OR/Task Group_OR/Add_OR/Add_Role_new_shouldSucceed/Add_new_Tgroup/button_Ok' is clicked on&#xD;
&#xD;
2019-10-11 16:15:28 - [TEST_STEP][PASSED] - closeBrowser(): Browser is closed&#xD;
&#xD;
2019-10-11 16:15:29 - [MESSAGE][PASSED] - Browser is closed</system-out>
            <system-err></system-err>
        </testcase>
        <testcase name="Test Cases/Employee/Employee_Role_And_Task/Task Group/Add/Add_Role_existing_ShouldgiveErrorMessage" classname="Test Cases/Employee/Employee_Role_And_Task/Task Group/Add/Add_Role_existing_ShouldgiveErrorMessage" status="PASSED">
            <system-out>2019-10-11 16:15:29 - [TEST_CASE][PASSED] - Test Cases/Employee/Employee_Role_And_Task/Task Group/Add/Add_Role_existing_ShouldgiveErrorMessage: Test Cases/Employee/Employee_Role_And_Task/Task Group/Add/Add_Role_existing_ShouldgiveErrorMessage&#xD;
&#xD;
2019-10-11 16:15:29 - [TEST_STEP][PASSED] - callTestCase(findTestCase("Login/AdminLogin_ShouldSucceed"), [:], STOP_ON_FAILURE): Call Test Case 'Test Cases/Login/AdminLogin_ShouldSucceed' successfully&#xD;
&#xD;
2019-10-11 16:15:29 - [TEST_CASE][PASSED] - Test Cases/Login/AdminLogin_ShouldSucceed: Test Cases/Login/AdminLogin_ShouldSucceed&#xD;
&#xD;
2019-10-11 16:15:29 - [TEST_STEP][PASSED] - openBrowser(""): Browser is opened with url: ''&#xD;
&#xD;
2019-10-11 16:15:29 - [MESSAGE][INFO] - Starting 'Chrome' driver&#xD;
&#xD;
2019-10-11 16:15:32 - [MESSAGE][PASSED] - Browser is opened with url: ''&#xD;
&#xD;
2019-10-11 16:15:32 - [TEST_STEP][PASSED] - maximizeWindow(): Current window maximized&#xD;
&#xD;
2019-10-11 16:15:33 - [MESSAGE][PASSED] - Current window maximized&#xD;
&#xD;
2019-10-11 16:15:33 - [TEST_STEP][PASSED] - navigateToUrl(login_url): Navigate to 'https://10.2.200.37:8441/login' successfully&#xD;
&#xD;
2019-10-11 16:15:34 - [MESSAGE][PASSED] - Navigate to 'https://10.2.200.37:8441/login' successfully&#xD;
&#xD;
2019-10-11 16:15:34 - [TEST_STEP][PASSED] - setText(findTestObject("Object Repository/Login_OR/AdminLogin_ShouldSucceed/Page_Unified Wallet/input_Sign in_mat-input-0"), username_admin): Text 'admin' is set on object 'Object Repository/Login_OR/AdminLogin_ShouldSucceed/Page_Unified Wallet/input_Sign in_mat-input-0'&#xD;
&#xD;
2019-10-11 16:15:35 - [MESSAGE][PASSED] - Text 'admin' is set on object 'Object Repository/Login_OR/AdminLogin_ShouldSucceed/Page_Unified Wallet/input_Sign in_mat-input-0'&#xD;
&#xD;
2019-10-11 16:15:35 - [TEST_STEP][PASSED] - setEncryptedText(findTestObject("Object Repository/Login_OR/AdminLogin_ShouldSucceed/Page_Unified Wallet/input_Username_mat-input-1"), username_admins_Password): Text ****** has been set on object 'Object Repository/Login_OR/AdminLogin_ShouldSucceed/Page_Unified Wallet/input_Username_mat-input-1'&#xD;
&#xD;
2019-10-11 16:15:35 - [MESSAGE][PASSED] - Text ****** has been set on object 'Object Repository/Login_OR/AdminLogin_ShouldSucceed/Page_Unified Wallet/input_Username_mat-input-1'&#xD;
&#xD;
2019-10-11 16:15:35 - [TEST_STEP][PASSED] - click(findTestObject("Object Repository/Login_OR/AdminLogin_ShouldSucceed/Page_Unified Wallet/button_Login")): Object: 'Object Repository/Login_OR/AdminLogin_ShouldSucceed/Page_Unified Wallet/button_Login' is clicked on&#xD;
&#xD;
2019-10-11 16:15:35 - [MESSAGE][PASSED] - Object: 'Object Repository/Login_OR/AdminLogin_ShouldSucceed/Page_Unified Wallet/button_Login' is clicked on&#xD;
&#xD;
2019-10-11 16:15:35 - [TEST_STEP][PASSED] - delay(2): Delayed 2 second(s)&#xD;
&#xD;
2019-10-11 16:15:37 - [MESSAGE][PASSED] - Delayed 2 second(s)&#xD;
&#xD;
2019-10-11 16:15:37 - [MESSAGE][PASSED] - Call Test Case 'Test Cases/Login/AdminLogin_ShouldSucceed' successfully&#xD;
&#xD;
2019-10-11 16:15:37 - [TEST_STEP][PASSED] - click(findTestObject("Object Repository/Employee/Employee_Role_And_Task_OR/Task Group_OR/Add_OR/Add_Role_Existing_ShouldgiveErorMessage/div_more_vert_hamburgerWrapper"), OPTIONAL): Object: 'Object Repository/Employee/Employee_Role_And_Task_OR/Task Group_OR/Add_OR/Add_Role_Existing_ShouldgiveErorMessage/div_more_vert_hamburgerWrapper' is clicked on&#xD;
&#xD;
2019-10-11 16:15:37 - [MESSAGE][PASSED] - Object: 'Object Repository/Employee/Employee_Role_And_Task_OR/Task Group_OR/Add_OR/Add_Role_Existing_ShouldgiveErorMessage/div_more_vert_hamburgerWrapper' is clicked on&#xD;
&#xD;
2019-10-11 16:15:37 - [TEST_STEP][PASSED] - click(findTestObject("Object Repository/Employee/Employee_Role_And_Task_OR/Task Group_OR/Add_OR/Add_Role_Existing_ShouldgiveErorMessage/a_account_circleEmployee")): Object: 'Object Repository/Employee/Employee_Role_And_Task_OR/Task Group_OR/Add_OR/Add_Role_Existing_ShouldgiveErorMessage/a_account_circleEmployee' is clicked on&#xD;
&#xD;
2019-10-11 16:15:37 - [MESSAGE][PASSED] - Object: 'Object Repository/Employee/Employee_Role_And_Task_OR/Task Group_OR/Add_OR/Add_Role_Existing_ShouldgiveErorMessage/a_account_circleEmployee' is clicked on&#xD;
&#xD;
2019-10-11 16:15:37 - [TEST_STEP][PASSED] - click(findTestObject("Object Repository/Employee/Employee_Role_And_Task_OR/Task Group_OR/Add_OR/Add_Role_Existing_ShouldgiveErorMessage/a_assignmentRole And Task")): Object: 'Object Repository/Employee/Employee_Role_And_Task_OR/Task Group_OR/Add_OR/Add_Role_Existing_ShouldgiveErorMessage/a_assignmentRole And Task' is clicked on&#xD;
&#xD;
2019-10-11 16:15:37 - [MESSAGE][PASSED] - Object: 'Object Repository/Employee/Employee_Role_And_Task_OR/Task Group_OR/Add_OR/Add_Role_Existing_ShouldgiveErorMessage/a_assignmentRole And Task' is clicked on&#xD;
&#xD;
2019-10-11 16:15:37 - [TEST_STEP][PASSED] - click(findTestObject("Object Repository/Employee/Employee_Role_And_Task_OR/Task Group_OR/Add_OR/Add_Role_Existing_ShouldgiveErorMessage/div_Task Group")): Object: 'Object Repository/Employee/Employee_Role_And_Task_OR/Task Group_OR/Add_OR/Add_Role_Existing_ShouldgiveErorMessage/div_Task Group' is clicked on&#xD;
&#xD;
2019-10-11 16:15:38 - [MESSAGE][PASSED] - Object: 'Object Repository/Employee/Employee_Role_And_Task_OR/Task Group_OR/Add_OR/Add_Role_Existing_ShouldgiveErorMessage/div_Task Group' is clicked on&#xD;
&#xD;
2019-10-11 16:15:38 - [TEST_STEP][PASSED] - delay(1): Delayed 1 second(s)&#xD;
&#xD;
2019-10-11 16:15:39 - [MESSAGE][PASSED] - Delayed 1 second(s)&#xD;
&#xD;
2019-10-11 16:15:39 - [TEST_STEP][PASSED] - click(findTestObject("Object Repository/Employee/Employee_Role_And_Task_OR/Task Group_OR/Add_OR/Add_Role_Existing_ShouldgiveErorMessage/i_add")): Object: 'Object Repository/Employee/Employee_Role_And_Task_OR/Task Group_OR/Add_OR/Add_Role_Existing_ShouldgiveErorMessage/i_add' is clicked on&#xD;
&#xD;
2019-10-11 16:15:39 - [MESSAGE][PASSED] - Object: 'Object Repository/Employee/Employee_Role_And_Task_OR/Task Group_OR/Add_OR/Add_Role_Existing_ShouldgiveErorMessage/i_add' is clicked on&#xD;
&#xD;
2019-10-11 16:15:39 - [TEST_STEP][PASSED] - setText(findTestObject("Object Repository/Employee/Employee_Role_And_Task_OR/Task Group_OR/Add_OR/Add_Role_Existing_ShouldgiveErorMessage/input_Create Role_code"), taskgroup_code): Text 'TVINC' is set on object 'Object Repository/Employee/Employee_Role_And_Task_OR/Task Group_OR/Add_OR/Add_Role_Existing_ShouldgiveErorMessage/input_Create Role_code'&#xD;
&#xD;
2019-10-11 16:15:39 - [MESSAGE][PASSED] - Text 'TVINC' is set on object 'Object Repository/Employee/Employee_Role_And_Task_OR/Task Group_OR/Add_OR/Add_Role_Existing_ShouldgiveErorMessage/input_Create Role_code'&#xD;
&#xD;
2019-10-11 16:15:39 - [TEST_STEP][PASSED] - setText(findTestObject("Object Repository/Employee/Employee_Role_And_Task_OR/Task Group_OR/Add_OR/Add_Role_Existing_ShouldgiveErorMessage/input_OrganizationCode_name"), taskgroup_name): Text 'TVINN' is set on object 'Object Repository/Employee/Employee_Role_And_Task_OR/Task Group_OR/Add_OR/Add_Role_Existing_ShouldgiveErorMessage/input_OrganizationCode_name'&#xD;
&#xD;
2019-10-11 16:15:39 - [MESSAGE][PASSED] - Text 'TVINN' is set on object 'Object Repository/Employee/Employee_Role_And_Task_OR/Task Group_OR/Add_OR/Add_Role_Existing_ShouldgiveErorMessage/input_OrganizationCode_name'&#xD;
&#xD;
2019-10-11 16:15:39 - [TEST_STEP][PASSED] - setText(findTestObject("Object Repository/Employee/Employee_Role_And_Task_OR/Task Group_OR/Add_OR/Add_Role_Existing_ShouldgiveErorMessage/input_Name_description"), taskgroup_description): Text 'TVIND' is set on object 'Object Repository/Employee/Employee_Role_And_Task_OR/Task Group_OR/Add_OR/Add_Role_Existing_ShouldgiveErorMessage/input_Name_description'&#xD;
&#xD;
2019-10-11 16:15:40 - [MESSAGE][PASSED] - Text 'TVIND' is set on object 'Object Repository/Employee/Employee_Role_And_Task_OR/Task Group_OR/Add_OR/Add_Role_Existing_ShouldgiveErorMessage/input_Name_description'&#xD;
&#xD;
2019-10-11 16:15:40 - [TEST_STEP][PASSED] - delay(1): Delayed 1 second(s)&#xD;
&#xD;
2019-10-11 16:15:41 - [MESSAGE][PASSED] - Delayed 1 second(s)&#xD;
&#xD;
2019-10-11 16:15:41 - [TEST_STEP][PASSED] - check(findTestObject("Object Repository/Employee/Employee_Role_And_Task_OR/Task Group_OR/Add_OR/Add_Role_Existing_ShouldgiveErorMessage/div_Search_mat-checkbox-inner-container")): Object 'Object Repository/Employee/Employee_Role_And_Task_OR/Task Group_OR/Add_OR/Add_Role_Existing_ShouldgiveErorMessage/div_Search_mat-checkbox-inner-container' is checked&#xD;
&#xD;
2019-10-11 16:15:41 - [MESSAGE][PASSED] - Object 'Object Repository/Employee/Employee_Role_And_Task_OR/Task Group_OR/Add_OR/Add_Role_Existing_ShouldgiveErorMessage/div_Search_mat-checkbox-inner-container' is checked&#xD;
&#xD;
2019-10-11 16:15:41 - [TEST_STEP][PASSED] - click(findTestObject("Object Repository/Employee/Employee_Role_And_Task_OR/Task Group_OR/Add_OR/Add_Role_Existing_ShouldgiveErorMessage/button_Proceed")): Object: 'Object Repository/Employee/Employee_Role_And_Task_OR/Task Group_OR/Add_OR/Add_Role_Existing_ShouldgiveErorMessage/button_Proceed' is clicked on&#xD;
&#xD;
2019-10-11 16:15:41 - [MESSAGE][PASSED] - Object: 'Object Repository/Employee/Employee_Role_And_Task_OR/Task Group_OR/Add_OR/Add_Role_Existing_ShouldgiveErorMessage/button_Proceed' is clicked on&#xD;
&#xD;
2019-10-11 16:15:41 - [TEST_STEP][PASSED] - delay(1): Delayed 1 second(s)&#xD;
&#xD;
2019-10-11 16:15:42 - [MESSAGE][PASSED] - Delayed 1 second(s)&#xD;
&#xD;
2019-10-11 16:15:42 - [TEST_STEP][PASSED] - check(findTestObject("Object Repository/Employee/Employee_Role_And_Task_OR/Task Group_OR/Add_OR/Add_Role_Existing_ShouldgiveErorMessage/div_Search_mat-checkbox-inner-container_1")): Object 'Object Repository/Employee/Employee_Role_And_Task_OR/Task Group_OR/Add_OR/Add_Role_Existing_ShouldgiveErorMessage/div_Search_mat-checkbox-inner-container_1' is checked&#xD;
&#xD;
2019-10-11 16:15:42 - [MESSAGE][PASSED] - Object 'Object Repository/Employee/Employee_Role_And_Task_OR/Task Group_OR/Add_OR/Add_Role_Existing_ShouldgiveErorMessage/div_Search_mat-checkbox-inner-container_1' is checked&#xD;
&#xD;
2019-10-11 16:15:42 - [TEST_STEP][PASSED] - click(findTestObject("Object Repository/Employee/Employee_Role_And_Task_OR/Task Group_OR/Add_OR/Add_Role_Existing_ShouldgiveErorMessage/button_Save")): Object: 'Object Repository/Employee/Employee_Role_And_Task_OR/Task Group_OR/Add_OR/Add_Role_Existing_ShouldgiveErorMessage/button_Save' is clicked on&#xD;
&#xD;
2019-10-11 16:15:42 - [MESSAGE][PASSED] - Object: 'Object Repository/Employee/Employee_Role_And_Task_OR/Task Group_OR/Add_OR/Add_Role_Existing_ShouldgiveErorMessage/button_Save' is clicked on&#xD;
&#xD;
2019-10-11 16:15:42 - [TEST_STEP][PASSED] - delay(1): Delayed 1 second(s)&#xD;
&#xD;
2019-10-11 16:15:43 - [MESSAGE][PASSED] - Delayed 1 second(s)&#xD;
&#xD;
2019-10-11 16:15:43 - [TEST_STEP][PASSED] - verifyTextPresent("Task Group name already exists", false): Text 'Task Group name already exists' is present on page &#xD;
&#xD;
2019-10-11 16:15:43 - [MESSAGE][PASSED] - Text 'Task Group name already exists' is present on page &#xD;
&#xD;
2019-10-11 16:15:43 - [TEST_STEP][PASSED] - click(findTestObject("Object Repository/Employee/Employee_Role_And_Task_OR/Task Group_OR/Add_OR/Add_Role_Existing_ShouldgiveErorMessage/button_OK")): Object: 'Object Repository/Employee/Employee_Role_And_Task_OR/Task Group_OR/Add_OR/Add_Role_Existing_ShouldgiveErorMessage/button_OK' is clicked on&#xD;
&#xD;
2019-10-11 16:15:43 - [MESSAGE][PASSED] - Object: 'Object Repository/Employee/Employee_Role_And_Task_OR/Task Group_OR/Add_OR/Add_Role_Existing_ShouldgiveErorMessage/button_OK' is clicked on&#xD;
&#xD;
2019-10-11 16:15:43 - [TEST_STEP][PASSED] - click(findTestObject("Object Repository/Employee/Employee_Role_And_Task_OR/Task Group_OR/Add_OR/Add_Role_Existing_ShouldgiveErorMessage/button_Cancel")): Object: 'Object Repository/Employee/Employee_Role_And_Task_OR/Task Group_OR/Add_OR/Add_Role_Existing_ShouldgiveErorMessage/button_Cancel' is clicked on&#xD;
&#xD;
2019-10-11 16:15:43 - [MESSAGE][PASSED] - Object: 'Object Repository/Employee/Employee_Role_And_Task_OR/Task Group_OR/Add_OR/Add_Role_Existing_ShouldgiveErorMessage/button_Cancel' is clicked on&#xD;
&#xD;
2019-10-11 16:15:43 - [TEST_STEP][PASSED] - closeBrowser(): Browser is closed&#xD;
&#xD;
2019-10-11 16:15:44 - [MESSAGE][PASSED] - Browser is closed</system-out>
            <system-err></system-err>
        </testcase>
        <testcase name="Test Cases/Employee/Employee_Role_And_Task/Task Group/Edit/Edit_ShouldSucceed" classname="Test Cases/Employee/Employee_Role_And_Task/Task Group/Edit/Edit_ShouldSucceed" status="FAILED">
            <failure type="FAILED" message="Test Cases/Employee/Employee_Role_And_Task/Task Group/Edit/Edit_ShouldSucceed FAILED.&#xA;Reason:&#xA;com.kms.katalon.core.exception.StepFailedException: Unable to click on object 'Object Repository/Employee/Employee_Role_And_Task_OR/Task Group_OR/Edit_OR/Edit_should_succeed/div_Search_mat-checkbox-inner-container'&#xD;&#xA;&#x9;at com.kms.katalon.core.webui.keyword.internal.WebUIKeywordMain.stepFailed(WebUIKeywordMain.groovy:64)&#xD;&#xA;&#x9;at com.kms.katalon.core.webui.keyword.internal.WebUIKeywordMain.runKeyword(WebUIKeywordMain.groovy:26)&#xD;&#xA;&#x9;at com.kms.katalon.core.webui.keyword.builtin.ClickKeyword.click(ClickKeyword.groovy:86)&#xD;&#xA;&#x9;at com.kms.katalon.core.webui.keyword.builtin.ClickKeyword.execute(ClickKeyword.groovy:67)&#xD;&#xA;&#x9;at com.kms.katalon.core.keyword.internal.KeywordExecutor.executeKeywordForPlatform(KeywordExecutor.groovy:56)&#xD;&#xA;&#x9;at com.kms.katalon.core.webui.keyword.WebUiBuiltInKeywords.click(WebUiBuiltInKeywords.groovy:616)&#xD;&#xA;&#x9;at com.kms.katalon.core.webui.keyword.WebUiBuiltInKeywords$click$4.call(Unknown Source)&#xD;&#xA;&#x9;at Edit_ShouldSucceed.run(Edit_ShouldSucceed:36)&#xD;&#xA;&#x9;at com.kms.katalon.core.main.ScriptEngine.run(ScriptEngine.java:194)&#xD;&#xA;&#x9;at com.kms.katalon.core.main.ScriptEngine.runScriptAsRawText(ScriptEngine.java:119)&#xD;&#xA;&#x9;at com.kms.katalon.core.main.TestCaseExecutor.runScript(TestCaseExecutor.java:337)&#xD;&#xA;&#x9;at com.kms.katalon.core.main.TestCaseExecutor.doExecute(TestCaseExecutor.java:328)&#xD;&#xA;&#x9;at com.kms.katalon.core.main.TestCaseExecutor.processExecutionPhase(TestCaseExecutor.java:307)&#xD;&#xA;&#x9;at com.kms.katalon.core.main.TestCaseExecutor.accessMainPhase(TestCaseExecutor.java:299)&#xD;&#xA;&#x9;at com.kms.katalon.core.main.TestCaseExecutor.execute(TestCaseExecutor.java:233)&#xD;&#xA;&#x9;at com.kms.katalon.core.main.TestSuiteExecutor.accessTestCaseMainPhase(TestSuiteExecutor.java:133)&#xD;&#xA;&#x9;at com.kms.katalon.core.main.TestSuiteExecutor.accessTestSuiteMainPhase(TestSuiteExecutor.java:116)&#xD;&#xA;&#x9;at com.kms.katalon.core.main.TestSuiteExecutor.execute(TestSuiteExecutor.java:83)&#xD;&#xA;&#x9;at com.kms.katalon.core.main.TestCaseMain.startTestSuite(TestCaseMain.java:157)&#xD;&#xA;&#x9;at com.kms.katalon.core.main.TestCaseMain$startTestSuite$0.call(Unknown Source)&#xD;&#xA;&#x9;at TempTestSuite1570790696642.run(TempTestSuite1570790696642.groovy:35)&#xD;&#xA;Caused by: org.openqa.selenium.ElementNotInteractableException: element not interactable&#xA;  (Session info: chrome=77.0.3865.90)&#xA;Build info: version: '3.141.59', revision: 'e82be7d358', time: '2018-11-14T08:25:53'&#xA;System info: host: 'BLRW-36SF9X2', ip: '10.2.200.67', os.name: 'Windows 10', os.arch: 'amd64', os.version: '10.0', java.version: '1.8.0_181'&#xA;Driver info: com.kms.katalon.selenium.driver.CChromeDriver&#xA;Capabilities {acceptInsecureCerts: false, browserName: chrome, browserVersion: 77.0.3865.90, chrome: {chromedriverVersion: 76.0.3809.25 (a0c95f440512e..., userDataDir: C:\Users\VINAYA~1.PRA\AppDa...}, goog:chromeOptions: {debuggerAddress: localhost:63643}, javascriptEnabled: true, networkConnectionEnabled: false, pageLoadStrategy: normal, platform: XP, platformName: XP, proxy: Proxy(), setWindowRect: true, strictFileInteractability: false, timeouts: {implicit: 0, pageLoad: 300000, script: 30000}, unhandledPromptBehavior: dismiss and notify}&#xA;Session ID: 4f0eeca5d8eddec1f81b0bc7fda6e7bd&#xD;&#xA;&#x9;at org.openqa.selenium.remote.http.W3CHttpResponseCodec.createException(W3CHttpResponseCodec.java:187)&#xD;&#xA;&#x9;at org.openqa.selenium.remote.http.W3CHttpResponseCodec.decode(W3CHttpResponseCodec.java:122)&#xD;&#xA;&#x9;at org.openqa.selenium.remote.http.W3CHttpResponseCodec.decode(W3CHttpResponseCodec.java:49)&#xD;&#xA;&#x9;at org.openqa.selenium.remote.HttpCommandExecutor.execute(HttpCommandExecutor.java:158)&#xD;&#xA;&#x9;at org.openqa.selenium.remote.service.DriverCommandExecutor.execute(DriverCommandExecutor.java:83)&#xD;&#xA;&#x9;at org.openqa.selenium.remote.RemoteWebDriver.execute(RemoteWebDriver.java:552)&#xD;&#xA;&#x9;at com.kms.katalon.selenium.driver.CChromeDriver.execute(CChromeDriver.java:20)&#xD;&#xA;&#x9;at org.openqa.selenium.remote.RemoteWebElement.execute(RemoteWebElement.java:285)&#xD;&#xA;&#x9;at org.openqa.selenium.remote.RemoteWebElement.click(RemoteWebElement.java:84)&#xD;&#xA;&#x9;at com.kms.katalon.core.webui.keyword.builtin.ClickKeyword$_click_closure1.doCall(ClickKeyword.groovy:79)&#xD;&#xA;&#x9;at com.kms.katalon.core.webui.keyword.builtin.ClickKeyword$_click_closure1.call(ClickKeyword.groovy)&#xD;&#xA;&#x9;at com.kms.katalon.core.webui.keyword.internal.WebUIKeywordMain.runKeyword(WebUIKeywordMain.groovy:20)&#xD;&#xA;&#x9;... 19 more&#xD;&#xA;"/>
            <system-out>2019-10-11 16:15:44 - [TEST_CASE][FAILED] - Test Cases/Employee/Employee_Role_And_Task/Task Group/Edit/Edit_ShouldSucceed: Test Cases/Employee/Employee_Role_And_Task/Task Group/Edit/Edit_ShouldSucceed FAILED.
Reason:
com.kms.katalon.core.exception.StepFailedException: Unable to click on object 'Object Repository/Employee/Employee_Role_And_Task_OR/Task Group_OR/Edit_OR/Edit_should_succeed/div_Search_mat-checkbox-inner-container'&#xD;
	at com.kms.katalon.core.webui.keyword.internal.WebUIKeywordMain.stepFailed(WebUIKeywordMain.groovy:64)&#xD;
	at com.kms.katalon.core.webui.keyword.internal.WebUIKeywordMain.runKeyword(WebUIKeywordMain.groovy:26)&#xD;
	at com.kms.katalon.core.webui.keyword.builtin.ClickKeyword.click(ClickKeyword.groovy:86)&#xD;
	at com.kms.katalon.core.webui.keyword.builtin.ClickKeyword.execute(ClickKeyword.groovy:67)&#xD;
	at com.kms.katalon.core.keyword.internal.KeywordExecutor.executeKeywordForPlatform(KeywordExecutor.groovy:56)&#xD;
	at com.kms.katalon.core.webui.keyword.WebUiBuiltInKeywords.click(WebUiBuiltInKeywords.groovy:616)&#xD;
	at com.kms.katalon.core.webui.keyword.WebUiBuiltInKeywords$click$4.call(Unknown Source)&#xD;
	at Edit_ShouldSucceed.run(Edit_ShouldSucceed:36)&#xD;
	at com.kms.katalon.core.main.ScriptEngine.run(ScriptEngine.java:194)&#xD;
	at com.kms.katalon.core.main.ScriptEngine.runScriptAsRawText(ScriptEngine.java:119)&#xD;
	at com.kms.katalon.core.main.TestCaseExecutor.runScript(TestCaseExecutor.java:337)&#xD;
	at com.kms.katalon.core.main.TestCaseExecutor.doExecute(TestCaseExecutor.java:328)&#xD;
	at com.kms.katalon.core.main.TestCaseExecutor.processExecutionPhase(TestCaseExecutor.java:307)&#xD;
	at com.kms.katalon.core.main.TestCaseExecutor.accessMainPhase(TestCaseExecutor.java:299)&#xD;
	at com.kms.katalon.core.main.TestCaseExecutor.execute(TestCaseExecutor.java:233)&#xD;
	at com.kms.katalon.core.main.TestSuiteExecutor.accessTestCaseMainPhase(TestSuiteExecutor.java:133)&#xD;
	at com.kms.katalon.core.main.TestSuiteExecutor.accessTestSuiteMainPhase(TestSuiteExecutor.java:116)&#xD;
	at com.kms.katalon.core.main.TestSuiteExecutor.execute(TestSuiteExecutor.java:83)&#xD;
	at com.kms.katalon.core.main.TestCaseMain.startTestSuite(TestCaseMain.java:157)&#xD;
	at com.kms.katalon.core.main.TestCaseMain$startTestSuite$0.call(Unknown Source)&#xD;
	at TempTestSuite1570790696642.run(TempTestSuite1570790696642.groovy:35)&#xD;
Caused by: org.openqa.selenium.ElementNotInteractableException: element not interactable
  (Session info: chrome=77.0.3865.90)
Build info: version: '3.141.59', revision: 'e82be7d358', time: '2018-11-14T08:25:53'
System info: host: 'BLRW-36SF9X2', ip: '10.2.200.67', os.name: 'Windows 10', os.arch: 'amd64', os.version: '10.0', java.version: '1.8.0_181'
Driver info: com.kms.katalon.selenium.driver.CChromeDriver
Capabilities {acceptInsecureCerts: false, browserName: chrome, browserVersion: 77.0.3865.90, chrome: {chromedriverVersion: 76.0.3809.25 (a0c95f440512e..., userDataDir: C:\Users\VINAYA~1.PRA\AppDa...}, goog:chromeOptions: {debuggerAddress: localhost:63643}, javascriptEnabled: true, networkConnectionEnabled: false, pageLoadStrategy: normal, platform: XP, platformName: XP, proxy: Proxy(), setWindowRect: true, strictFileInteractability: false, timeouts: {implicit: 0, pageLoad: 300000, script: 30000}, unhandledPromptBehavior: dismiss and notify}
Session ID: 4f0eeca5d8eddec1f81b0bc7fda6e7bd&#xD;
	at org.openqa.selenium.remote.http.W3CHttpResponseCodec.createException(W3CHttpResponseCodec.java:187)&#xD;
	at org.openqa.selenium.remote.http.W3CHttpResponseCodec.decode(W3CHttpResponseCodec.java:122)&#xD;
	at org.openqa.selenium.remote.http.W3CHttpResponseCodec.decode(W3CHttpResponseCodec.java:49)&#xD;
	at org.openqa.selenium.remote.HttpCommandExecutor.execute(HttpCommandExecutor.java:158)&#xD;
	at org.openqa.selenium.remote.service.DriverCommandExecutor.execute(DriverCommandExecutor.java:83)&#xD;
	at org.openqa.selenium.remote.RemoteWebDriver.execute(RemoteWebDriver.java:552)&#xD;
	at com.kms.katalon.selenium.driver.CChromeDriver.execute(CChromeDriver.java:20)&#xD;
	at org.openqa.selenium.remote.RemoteWebElement.execute(RemoteWebElement.java:285)&#xD;
	at org.openqa.selenium.remote.RemoteWebElement.click(RemoteWebElement.java:84)&#xD;
	at com.kms.katalon.core.webui.keyword.builtin.ClickKeyword$_click_closure1.doCall(ClickKeyword.groovy:79)&#xD;
	at com.kms.katalon.core.webui.keyword.builtin.ClickKeyword$_click_closure1.call(ClickKeyword.groovy)&#xD;
	at com.kms.katalon.core.webui.keyword.internal.WebUIKeywordMain.runKeyword(WebUIKeywordMain.groovy:20)&#xD;
	... 19 more&#xD;
&#xD;
&#xD;
2019-10-11 16:15:44 - [TEST_STEP][PASSED] - callTestCase(findTestCase("Login/AdminLogin_ShouldSucceed"), [:], STOP_ON_FAILURE): Call Test Case 'Test Cases/Login/AdminLogin_ShouldSucceed' successfully&#xD;
&#xD;
2019-10-11 16:15:44 - [TEST_CASE][PASSED] - Test Cases/Login/AdminLogin_ShouldSucceed: Test Cases/Login/AdminLogin_ShouldSucceed&#xD;
&#xD;
2019-10-11 16:15:44 - [TEST_STEP][PASSED] - openBrowser(""): Browser is opened with url: ''&#xD;
&#xD;
2019-10-11 16:15:44 - [MESSAGE][INFO] - Starting 'Chrome' driver&#xD;
&#xD;
2019-10-11 16:15:47 - [MESSAGE][PASSED] - Browser is opened with url: ''&#xD;
&#xD;
2019-10-11 16:15:47 - [TEST_STEP][PASSED] - maximizeWindow(): Current window maximized&#xD;
&#xD;
2019-10-11 16:15:48 - [MESSAGE][PASSED] - Current window maximized&#xD;
&#xD;
2019-10-11 16:15:48 - [TEST_STEP][PASSED] - navigateToUrl(login_url): Navigate to 'https://10.2.200.37:8441/login' successfully&#xD;
&#xD;
2019-10-11 16:15:50 - [MESSAGE][PASSED] - Navigate to 'https://10.2.200.37:8441/login' successfully&#xD;
&#xD;
2019-10-11 16:15:50 - [TEST_STEP][PASSED] - setText(findTestObject("Object Repository/Login_OR/AdminLogin_ShouldSucceed/Page_Unified Wallet/input_Sign in_mat-input-0"), username_admin): Text 'admin' is set on object 'Object Repository/Login_OR/AdminLogin_ShouldSucceed/Page_Unified Wallet/input_Sign in_mat-input-0'&#xD;
&#xD;
2019-10-11 16:15:50 - [MESSAGE][PASSED] - Text 'admin' is set on object 'Object Repository/Login_OR/AdminLogin_ShouldSucceed/Page_Unified Wallet/input_Sign in_mat-input-0'&#xD;
&#xD;
2019-10-11 16:15:50 - [TEST_STEP][PASSED] - setEncryptedText(findTestObject("Object Repository/Login_OR/AdminLogin_ShouldSucceed/Page_Unified Wallet/input_Username_mat-input-1"), username_admins_Password): Text ****** has been set on object 'Object Repository/Login_OR/AdminLogin_ShouldSucceed/Page_Unified Wallet/input_Username_mat-input-1'&#xD;
&#xD;
2019-10-11 16:15:50 - [MESSAGE][PASSED] - Text ****** has been set on object 'Object Repository/Login_OR/AdminLogin_ShouldSucceed/Page_Unified Wallet/input_Username_mat-input-1'&#xD;
&#xD;
2019-10-11 16:15:50 - [TEST_STEP][PASSED] - click(findTestObject("Object Repository/Login_OR/AdminLogin_ShouldSucceed/Page_Unified Wallet/button_Login")): Object: 'Object Repository/Login_OR/AdminLogin_ShouldSucceed/Page_Unified Wallet/button_Login' is clicked on&#xD;
&#xD;
2019-10-11 16:15:50 - [MESSAGE][PASSED] - Object: 'Object Repository/Login_OR/AdminLogin_ShouldSucceed/Page_Unified Wallet/button_Login' is clicked on&#xD;
&#xD;
2019-10-11 16:15:50 - [TEST_STEP][PASSED] - delay(2): Delayed 2 second(s)&#xD;
&#xD;
2019-10-11 16:15:52 - [MESSAGE][PASSED] - Delayed 2 second(s)&#xD;
&#xD;
2019-10-11 16:15:52 - [MESSAGE][PASSED] - Call Test Case 'Test Cases/Login/AdminLogin_ShouldSucceed' successfully&#xD;
&#xD;
2019-10-11 16:15:52 - [TEST_STEP][PASSED] - click(findTestObject("Object Repository/Employee/Employee_Role_And_Task_OR/Task Group_OR/Edit_OR/Edit_should_succeed/div_more_vert_hamburgerWrapper")): Object: 'Object Repository/Employee/Employee_Role_And_Task_OR/Task Group_OR/Edit_OR/Edit_should_succeed/div_more_vert_hamburgerWrapper' is clicked on&#xD;
&#xD;
2019-10-11 16:15:52 - [MESSAGE][PASSED] - Object: 'Object Repository/Employee/Employee_Role_And_Task_OR/Task Group_OR/Edit_OR/Edit_should_succeed/div_more_vert_hamburgerWrapper' is clicked on&#xD;
&#xD;
2019-10-11 16:15:52 - [TEST_STEP][PASSED] - click(findTestObject("Object Repository/Employee/Employee_Role_And_Task_OR/Task Group_OR/Edit_OR/Edit_should_succeed/a_account_circleEmployee")): Object: 'Object Repository/Employee/Employee_Role_And_Task_OR/Task Group_OR/Edit_OR/Edit_should_succeed/a_account_circleEmployee' is clicked on&#xD;
&#xD;
2019-10-11 16:15:52 - [MESSAGE][PASSED] - Object: 'Object Repository/Employee/Employee_Role_And_Task_OR/Task Group_OR/Edit_OR/Edit_should_succeed/a_account_circleEmployee' is clicked on&#xD;
&#xD;
2019-10-11 16:15:52 - [TEST_STEP][PASSED] - click(findTestObject("Object Repository/Employee/Employee_Role_And_Task_OR/Task Group_OR/Edit_OR/Edit_should_succeed/a_assignmentRole And Task")): Object: 'Object Repository/Employee/Employee_Role_And_Task_OR/Task Group_OR/Edit_OR/Edit_should_succeed/a_assignmentRole And Task' is clicked on&#xD;
&#xD;
2019-10-11 16:15:52 - [MESSAGE][PASSED] - Object: 'Object Repository/Employee/Employee_Role_And_Task_OR/Task Group_OR/Edit_OR/Edit_should_succeed/a_assignmentRole And Task' is clicked on&#xD;
&#xD;
2019-10-11 16:15:52 - [TEST_STEP][PASSED] - click(findTestObject("Object Repository/Employee/Employee_Role_And_Task_OR/Task Group_OR/Edit_OR/Edit_should_succeed/div_Task Group")): Object: 'Object Repository/Employee/Employee_Role_And_Task_OR/Task Group_OR/Edit_OR/Edit_should_succeed/div_Task Group' is clicked on&#xD;
&#xD;
2019-10-11 16:15:53 - [MESSAGE][PASSED] - Object: 'Object Repository/Employee/Employee_Role_And_Task_OR/Task Group_OR/Edit_OR/Edit_should_succeed/div_Task Group' is clicked on&#xD;
&#xD;
2019-10-11 16:15:53 - [TEST_STEP][PASSED] - click(findTestObject("Object Repository/Employee/Employee_Role_And_Task_OR/Task Group_OR/Edit_OR/Edit_should_succeed/mat-cell_TVINC")): Object: 'Object Repository/Employee/Employee_Role_And_Task_OR/Task Group_OR/Edit_OR/Edit_should_succeed/mat-cell_TVINC' is clicked on&#xD;
&#xD;
2019-10-11 16:15:53 - [MESSAGE][PASSED] - Object: 'Object Repository/Employee/Employee_Role_And_Task_OR/Task Group_OR/Edit_OR/Edit_should_succeed/mat-cell_TVINC' is clicked on&#xD;
&#xD;
2019-10-11 16:15:53 - [TEST_STEP][PASSED] - delay(1): Delayed 1 second(s)&#xD;
&#xD;
2019-10-11 16:15:54 - [MESSAGE][PASSED] - Delayed 1 second(s)&#xD;
&#xD;
2019-10-11 16:15:54 - [TEST_STEP][PASSED] - click(findTestObject("Object Repository/Employee/Employee_Role_And_Task_OR/Task Group_OR/Edit_OR/Edit_should_succeed/i_edit")): Object: 'Object Repository/Employee/Employee_Role_And_Task_OR/Task Group_OR/Edit_OR/Edit_should_succeed/i_edit' is clicked on&#xD;
&#xD;
2019-10-11 16:15:54 - [MESSAGE][PASSED] - Object: 'Object Repository/Employee/Employee_Role_And_Task_OR/Task Group_OR/Edit_OR/Edit_should_succeed/i_edit' is clicked on&#xD;
&#xD;
2019-10-11 16:15:54 - [TEST_STEP][PASSED] - click(findTestObject("Object Repository/Employee/Employee_Role_And_Task_OR/Task Group_OR/Edit_OR/Edit_should_succeed/mat-step-header_2Create Role")): Object: 'Object Repository/Employee/Employee_Role_And_Task_OR/Task Group_OR/Edit_OR/Edit_should_succeed/mat-step-header_2Create Role' is clicked on&#xD;
&#xD;
2019-10-11 16:15:55 - [MESSAGE][PASSED] - Object: 'Object Repository/Employee/Employee_Role_And_Task_OR/Task Group_OR/Edit_OR/Edit_should_succeed/mat-step-header_2Create Role' is clicked on&#xD;
&#xD;
2019-10-11 16:15:55 - [TEST_STEP][PASSED] - delay(1): Delayed 1 second(s)&#xD;
&#xD;
2019-10-11 16:15:56 - [MESSAGE][PASSED] - Delayed 1 second(s)&#xD;
&#xD;
2019-10-11 16:15:56 - [TEST_STEP][FAILED] - click(findTestObject("Object Repository/Employee/Employee_Role_And_Task_OR/Task Group_OR/Edit_OR/Edit_should_succeed/div_Search_mat-checkbox-inner-container")): Unable to click on object 'Object Repository/Employee/Employee_Role_And_Task_OR/Task Group_OR/Edit_OR/Edit_should_succeed/div_Search_mat-checkbox-inner-container' (Root cause: com.kms.katalon.core.exception.StepFailedException: Unable to click on object 'Object Repository/Employee/Employee_Role_And_Task_OR/Task Group_OR/Edit_OR/Edit_should_succeed/div_Search_mat-checkbox-inner-container'&#xD;
	at com.kms.katalon.core.webui.keyword.internal.WebUIKeywordMain.stepFailed(WebUIKeywordMain.groovy:64)&#xD;
	at com.kms.katalon.core.webui.keyword.internal.WebUIKeywordMain.runKeyword(WebUIKeywordMain.groovy:26)&#xD;
	at com.kms.katalon.core.webui.keyword.builtin.ClickKeyword.click(ClickKeyword.groovy:86)&#xD;
	at com.kms.katalon.core.webui.keyword.builtin.ClickKeyword.execute(ClickKeyword.groovy:67)&#xD;
	at com.kms.katalon.core.keyword.internal.KeywordExecutor.executeKeywordForPlatform(KeywordExecutor.groovy:56)&#xD;
	at com.kms.katalon.core.webui.keyword.WebUiBuiltInKeywords.click(WebUiBuiltInKeywords.groovy:616)&#xD;
	at com.kms.katalon.core.webui.keyword.WebUiBuiltInKeywords$click$4.call(Unknown Source)&#xD;
	at Edit_ShouldSucceed.run(Edit_ShouldSucceed:36)&#xD;
	at com.kms.katalon.core.main.ScriptEngine.run(ScriptEngine.java:194)&#xD;
	at com.kms.katalon.core.main.ScriptEngine.runScriptAsRawText(ScriptEngine.java:119)&#xD;
	at com.kms.katalon.core.main.TestCaseExecutor.runScript(TestCaseExecutor.java:337)&#xD;
	at com.kms.katalon.core.main.TestCaseExecutor.doExecute(TestCaseExecutor.java:328)&#xD;
	at com.kms.katalon.core.main.TestCaseExecutor.processExecutionPhase(TestCaseExecutor.java:307)&#xD;
	at com.kms.katalon.core.main.TestCaseExecutor.accessMainPhase(TestCaseExecutor.java:299)&#xD;
	at com.kms.katalon.core.main.TestCaseExecutor.execute(TestCaseExecutor.java:233)&#xD;
	at com.kms.katalon.core.main.TestSuiteExecutor.accessTestCaseMainPhase(TestSuiteExecutor.java:133)&#xD;
	at com.kms.katalon.core.main.TestSuiteExecutor.accessTestSuiteMainPhase(TestSuiteExecutor.java:116)&#xD;
	at com.kms.katalon.core.main.TestSuiteExecutor.execute(TestSuiteExecutor.java:83)&#xD;
	at com.kms.katalon.core.main.TestCaseMain.startTestSuite(TestCaseMain.java:157)&#xD;
	at com.kms.katalon.core.main.TestCaseMain$startTestSuite$0.call(Unknown Source)&#xD;
	at TempTestSuite1570790696642.run(TempTestSuite1570790696642.groovy:35)&#xD;
Caused by: org.openqa.selenium.ElementNotInteractableException: element not interactable
  (Session info: chrome=77.0.3865.90)
Build info: version: '3.141.59', revision: 'e82be7d358', time: '2018-11-14T08:25:53'
System info: host: 'BLRW-36SF9X2', ip: '10.2.200.67', os.name: 'Windows 10', os.arch: 'amd64', os.version: '10.0', java.version: '1.8.0_181'
Driver info: com.kms.katalon.selenium.driver.CChromeDriver
Capabilities {acceptInsecureCerts: false, browserName: chrome, browserVersion: 77.0.3865.90, chrome: {chromedriverVersion: 76.0.3809.25 (a0c95f440512e..., userDataDir: C:\Users\VINAYA~1.PRA\AppDa...}, goog:chromeOptions: {debuggerAddress: localhost:63643}, javascriptEnabled: true, networkConnectionEnabled: false, pageLoadStrategy: normal, platform: XP, platformName: XP, proxy: Proxy(), setWindowRect: true, strictFileInteractability: false, timeouts: {implicit: 0, pageLoad: 300000, script: 30000}, unhandledPromptBehavior: dismiss and notify}
Session ID: 4f0eeca5d8eddec1f81b0bc7fda6e7bd&#xD;
	at org.openqa.selenium.remote.http.W3CHttpResponseCodec.createException(W3CHttpResponseCodec.java:187)&#xD;
	at org.openqa.selenium.remote.http.W3CHttpResponseCodec.decode(W3CHttpResponseCodec.java:122)&#xD;
	at org.openqa.selenium.remote.http.W3CHttpResponseCodec.decode(W3CHttpResponseCodec.java:49)&#xD;
	at org.openqa.selenium.remote.HttpCommandExecutor.execute(HttpCommandExecutor.java:158)&#xD;
	at org.openqa.selenium.remote.service.DriverCommandExecutor.execute(DriverCommandExecutor.java:83)&#xD;
	at org.openqa.selenium.remote.RemoteWebDriver.execute(RemoteWebDriver.java:552)&#xD;
	at com.kms.katalon.selenium.driver.CChromeDriver.execute(CChromeDriver.java:20)&#xD;
	at org.openqa.selenium.remote.RemoteWebElement.execute(RemoteWebElement.java:285)&#xD;
	at org.openqa.selenium.remote.RemoteWebElement.click(RemoteWebElement.java:84)&#xD;
	at com.kms.katalon.core.webui.keyword.builtin.ClickKeyword$_click_closure1.doCall(ClickKeyword.groovy:79)&#xD;
	at com.kms.katalon.core.webui.keyword.builtin.ClickKeyword$_click_closure1.call(ClickKeyword.groovy)&#xD;
	at com.kms.katalon.core.webui.keyword.internal.WebUIKeywordMain.runKeyword(WebUIKeywordMain.groovy:20)&#xD;
	at com.kms.katalon.core.webui.keyword.builtin.ClickKeyword.click(ClickKeyword.groovy:86)&#xD;
	at com.kms.katalon.core.webui.keyword.builtin.ClickKeyword.execute(ClickKeyword.groovy:67)&#xD;
	at com.kms.katalon.core.keyword.internal.KeywordExecutor.executeKeywordForPlatform(KeywordExecutor.groovy:56)&#xD;
	at com.kms.katalon.core.webui.keyword.WebUiBuiltInKeywords.click(WebUiBuiltInKeywords.groovy:616)&#xD;
	at com.kms.katalon.core.webui.keyword.WebUiBuiltInKeywords$click$4.call(Unknown Source)&#xD;
	at Script1565776684755.run(Script1565776684755.groovy:36)&#xD;
	... 13 more&#xD;
)&#xD;
&#xD;
2019-10-11 16:15:56 - [MESSAGE][FAILED] - Unable to click on object 'Object Repository/Employee/Employee_Role_And_Task_OR/Task Group_OR/Edit_OR/Edit_should_succeed/div_Search_mat-checkbox-inner-container' (Root cause: com.kms.katalon.core.exception.StepFailedException: Unable to click on object 'Object Repository/Employee/Employee_Role_And_Task_OR/Task Group_OR/Edit_OR/Edit_should_succeed/div_Search_mat-checkbox-inner-container'&#xD;
	at com.kms.katalon.core.webui.keyword.internal.WebUIKeywordMain.stepFailed(WebUIKeywordMain.groovy:64)&#xD;
	at com.kms.katalon.core.webui.keyword.internal.WebUIKeywordMain.runKeyword(WebUIKeywordMain.groovy:26)&#xD;
	at com.kms.katalon.core.webui.keyword.builtin.ClickKeyword.click(ClickKeyword.groovy:86)&#xD;
	at com.kms.katalon.core.webui.keyword.builtin.ClickKeyword.execute(ClickKeyword.groovy:67)&#xD;
	at com.kms.katalon.core.keyword.internal.KeywordExecutor.executeKeywordForPlatform(KeywordExecutor.groovy:56)&#xD;
	at com.kms.katalon.core.webui.keyword.WebUiBuiltInKeywords.click(WebUiBuiltInKeywords.groovy:616)&#xD;
	at com.kms.katalon.core.webui.keyword.WebUiBuiltInKeywords$click$4.call(Unknown Source)&#xD;
	at Edit_ShouldSucceed.run(Edit_ShouldSucceed:36)&#xD;
	at com.kms.katalon.core.main.ScriptEngine.run(ScriptEngine.java:194)&#xD;
	at com.kms.katalon.core.main.ScriptEngine.runScriptAsRawText(ScriptEngine.java:119)&#xD;
	at com.kms.katalon.core.main.TestCaseExecutor.runScript(TestCaseExecutor.java:337)&#xD;
	at com.kms.katalon.core.main.TestCaseExecutor.doExecute(TestCaseExecutor.java:328)&#xD;
	at com.kms.katalon.core.main.TestCaseExecutor.processExecutionPhase(TestCaseExecutor.java:307)&#xD;
	at com.kms.katalon.core.main.TestCaseExecutor.accessMainPhase(TestCaseExecutor.java:299)&#xD;
	at com.kms.katalon.core.main.TestCaseExecutor.execute(TestCaseExecutor.java:233)&#xD;
	at com.kms.katalon.core.main.TestSuiteExecutor.accessTestCaseMainPhase(TestSuiteExecutor.java:133)&#xD;
	at com.kms.katalon.core.main.TestSuiteExecutor.accessTestSuiteMainPhase(TestSuiteExecutor.java:116)&#xD;
	at com.kms.katalon.core.main.TestSuiteExecutor.execute(TestSuiteExecutor.java:83)&#xD;
	at com.kms.katalon.core.main.TestCaseMain.startTestSuite(TestCaseMain.java:157)&#xD;
	at com.kms.katalon.core.main.TestCaseMain$startTestSuite$0.call(Unknown Source)&#xD;
	at TempTestSuite1570790696642.run(TempTestSuite1570790696642.groovy:35)&#xD;
Caused by: org.openqa.selenium.ElementNotInteractableException: element not interactable
  (Session info: chrome=77.0.3865.90)
Build info: version: '3.141.59', revision: 'e82be7d358', time: '2018-11-14T08:25:53'
System info: host: 'BLRW-36SF9X2', ip: '10.2.200.67', os.name: 'Windows 10', os.arch: 'amd64', os.version: '10.0', java.version: '1.8.0_181'
Driver info: com.kms.katalon.selenium.driver.CChromeDriver
Capabilities {acceptInsecureCerts: false, browserName: chrome, browserVersion: 77.0.3865.90, chrome: {chromedriverVersion: 76.0.3809.25 (a0c95f440512e..., userDataDir: C:\Users\VINAYA~1.PRA\AppDa...}, goog:chromeOptions: {debuggerAddress: localhost:63643}, javascriptEnabled: true, networkConnectionEnabled: false, pageLoadStrategy: normal, platform: XP, platformName: XP, proxy: Proxy(), setWindowRect: true, strictFileInteractability: false, timeouts: {implicit: 0, pageLoad: 300000, script: 30000}, unhandledPromptBehavior: dismiss and notify}
Session ID: 4f0eeca5d8eddec1f81b0bc7fda6e7bd&#xD;
	at org.openqa.selenium.remote.http.W3CHttpResponseCodec.createException(W3CHttpResponseCodec.java:187)&#xD;
	at org.openqa.selenium.remote.http.W3CHttpResponseCodec.decode(W3CHttpResponseCodec.java:122)&#xD;
	at org.openqa.selenium.remote.http.W3CHttpResponseCodec.decode(W3CHttpResponseCodec.java:49)&#xD;
	at org.openqa.selenium.remote.HttpCommandExecutor.execute(HttpCommandExecutor.java:158)&#xD;
	at org.openqa.selenium.remote.service.DriverCommandExecutor.execute(DriverCommandExecutor.java:83)&#xD;
	at org.openqa.selenium.remote.RemoteWebDriver.execute(RemoteWebDriver.java:552)&#xD;
	at com.kms.katalon.selenium.driver.CChromeDriver.execute(CChromeDriver.java:20)&#xD;
	at org.openqa.selenium.remote.RemoteWebElement.execute(RemoteWebElement.java:285)&#xD;
	at org.openqa.selenium.remote.RemoteWebElement.click(RemoteWebElement.java:84)&#xD;
	at com.kms.katalon.core.webui.keyword.builtin.ClickKeyword$_click_closure1.doCall(ClickKeyword.groovy:79)&#xD;
	at com.kms.katalon.core.webui.keyword.builtin.ClickKeyword$_click_closure1.call(ClickKeyword.groovy)&#xD;
	at com.kms.katalon.core.webui.keyword.internal.WebUIKeywordMain.runKeyword(WebUIKeywordMain.groovy:20)&#xD;
	at com.kms.katalon.core.webui.keyword.builtin.ClickKeyword.click(ClickKeyword.groovy:86)&#xD;
	at com.kms.katalon.core.webui.keyword.builtin.ClickKeyword.execute(ClickKeyword.groovy:67)&#xD;
	at com.kms.katalon.core.keyword.internal.KeywordExecutor.executeKeywordForPlatform(KeywordExecutor.groovy:56)&#xD;
	at com.kms.katalon.core.webui.keyword.WebUiBuiltInKeywords.click(WebUiBuiltInKeywords.groovy:616)&#xD;
	at com.kms.katalon.core.webui.keyword.WebUiBuiltInKeywords$click$4.call(Unknown Source)&#xD;
	at Script1565776684755.run(Script1565776684755.groovy:36)&#xD;
	... 13 more&#xD;
)&#xD;
[[ATTACHMENT|C:\\Users\\vinayaka.prabhu\\Katalon Studio\\Unified_Wallet_UI_Test\\Reports\\Complete_Wallet_UI\\Complete_Wallet_UI\\20191011_161456\\1570790756230.png]]</system-out>
            <system-err>2019-10-11 16:15:44 - [TEST_CASE][FAILED] - Test Cases/Employee/Employee_Role_And_Task/Task Group/Edit/Edit_ShouldSucceed: Test Cases/Employee/Employee_Role_And_Task/Task Group/Edit/Edit_ShouldSucceed FAILED.
Reason:
com.kms.katalon.core.exception.StepFailedException: Unable to click on object 'Object Repository/Employee/Employee_Role_And_Task_OR/Task Group_OR/Edit_OR/Edit_should_succeed/div_Search_mat-checkbox-inner-container'&#xD;
	at com.kms.katalon.core.webui.keyword.internal.WebUIKeywordMain.stepFailed(WebUIKeywordMain.groovy:64)&#xD;
	at com.kms.katalon.core.webui.keyword.internal.WebUIKeywordMain.runKeyword(WebUIKeywordMain.groovy:26)&#xD;
	at com.kms.katalon.core.webui.keyword.builtin.ClickKeyword.click(ClickKeyword.groovy:86)&#xD;
	at com.kms.katalon.core.webui.keyword.builtin.ClickKeyword.execute(ClickKeyword.groovy:67)&#xD;
	at com.kms.katalon.core.keyword.internal.KeywordExecutor.executeKeywordForPlatform(KeywordExecutor.groovy:56)&#xD;
	at com.kms.katalon.core.webui.keyword.WebUiBuiltInKeywords.click(WebUiBuiltInKeywords.groovy:616)&#xD;
	at com.kms.katalon.core.webui.keyword.WebUiBuiltInKeywords$click$4.call(Unknown Source)&#xD;
	at Edit_ShouldSucceed.run(Edit_ShouldSucceed:36)&#xD;
	at com.kms.katalon.core.main.ScriptEngine.run(ScriptEngine.java:194)&#xD;
	at com.kms.katalon.core.main.ScriptEngine.runScriptAsRawText(ScriptEngine.java:119)&#xD;
	at com.kms.katalon.core.main.TestCaseExecutor.runScript(TestCaseExecutor.java:337)&#xD;
	at com.kms.katalon.core.main.TestCaseExecutor.doExecute(TestCaseExecutor.java:328)&#xD;
	at com.kms.katalon.core.main.TestCaseExecutor.processExecutionPhase(TestCaseExecutor.java:307)&#xD;
	at com.kms.katalon.core.main.TestCaseExecutor.accessMainPhase(TestCaseExecutor.java:299)&#xD;
	at com.kms.katalon.core.main.TestCaseExecutor.execute(TestCaseExecutor.java:233)&#xD;
	at com.kms.katalon.core.main.TestSuiteExecutor.accessTestCaseMainPhase(TestSuiteExecutor.java:133)&#xD;
	at com.kms.katalon.core.main.TestSuiteExecutor.accessTestSuiteMainPhase(TestSuiteExecutor.java:116)&#xD;
	at com.kms.katalon.core.main.TestSuiteExecutor.execute(TestSuiteExecutor.java:83)&#xD;
	at com.kms.katalon.core.main.TestCaseMain.startTestSuite(TestCaseMain.java:157)&#xD;
	at com.kms.katalon.core.main.TestCaseMain$startTestSuite$0.call(Unknown Source)&#xD;
	at TempTestSuite1570790696642.run(TempTestSuite1570790696642.groovy:35)&#xD;
Caused by: org.openqa.selenium.ElementNotInteractableException: element not interactable
  (Session info: chrome=77.0.3865.90)
Build info: version: '3.141.59', revision: 'e82be7d358', time: '2018-11-14T08:25:53'
System info: host: 'BLRW-36SF9X2', ip: '10.2.200.67', os.name: 'Windows 10', os.arch: 'amd64', os.version: '10.0', java.version: '1.8.0_181'
Driver info: com.kms.katalon.selenium.driver.CChromeDriver
Capabilities {acceptInsecureCerts: false, browserName: chrome, browserVersion: 77.0.3865.90, chrome: {chromedriverVersion: 76.0.3809.25 (a0c95f440512e..., userDataDir: C:\Users\VINAYA~1.PRA\AppDa...}, goog:chromeOptions: {debuggerAddress: localhost:63643}, javascriptEnabled: true, networkConnectionEnabled: false, pageLoadStrategy: normal, platform: XP, platformName: XP, proxy: Proxy(), setWindowRect: true, strictFileInteractability: false, timeouts: {implicit: 0, pageLoad: 300000, script: 30000}, unhandledPromptBehavior: dismiss and notify}
Session ID: 4f0eeca5d8eddec1f81b0bc7fda6e7bd&#xD;
	at org.openqa.selenium.remote.http.W3CHttpResponseCodec.createException(W3CHttpResponseCodec.java:187)&#xD;
	at org.openqa.selenium.remote.http.W3CHttpResponseCodec.decode(W3CHttpResponseCodec.java:122)&#xD;
	at org.openqa.selenium.remote.http.W3CHttpResponseCodec.decode(W3CHttpResponseCodec.java:49)&#xD;
	at org.openqa.selenium.remote.HttpCommandExecutor.execute(HttpCommandExecutor.java:158)&#xD;
	at org.openqa.selenium.remote.service.DriverCommandExecutor.execute(DriverCommandExecutor.java:83)&#xD;
	at org.openqa.selenium.remote.RemoteWebDriver.execute(RemoteWebDriver.java:552)&#xD;
	at com.kms.katalon.selenium.driver.CChromeDriver.execute(CChromeDriver.java:20)&#xD;
	at org.openqa.selenium.remote.RemoteWebElement.execute(RemoteWebElement.java:285)&#xD;
	at org.openqa.selenium.remote.RemoteWebElement.click(RemoteWebElement.java:84)&#xD;
	at com.kms.katalon.core.webui.keyword.builtin.ClickKeyword$_click_closure1.doCall(ClickKeyword.groovy:79)&#xD;
	at com.kms.katalon.core.webui.keyword.builtin.ClickKeyword$_click_closure1.call(ClickKeyword.groovy)&#xD;
	at com.kms.katalon.core.webui.keyword.internal.WebUIKeywordMain.runKeyword(WebUIKeywordMain.groovy:20)&#xD;
	... 19 more</system-err>
        </testcase>
        <testcase name="Test Cases/Employee/Employee_Role_And_Task/Roles/Add/Add_Role_new_ShoudlSucceed" classname="Test Cases/Employee/Employee_Role_And_Task/Roles/Add/Add_Role_new_ShoudlSucceed" status="PASSED">
            <system-out>2019-10-11 16:15:56 - [TEST_CASE][PASSED] - Test Cases/Employee/Employee_Role_And_Task/Roles/Add/Add_Role_new_ShoudlSucceed: Test Cases/Employee/Employee_Role_And_Task/Roles/Add/Add_Role_new_ShoudlSucceed&#xD;
&#xD;
2019-10-11 16:15:56 - [TEST_STEP][PASSED] - callTestCase(findTestCase("Login/AdminLogin_ShouldSucceed"), [:], STOP_ON_FAILURE): Call Test Case 'Test Cases/Login/AdminLogin_ShouldSucceed' successfully&#xD;
&#xD;
2019-10-11 16:15:56 - [TEST_CASE][PASSED] - Test Cases/Login/AdminLogin_ShouldSucceed: Test Cases/Login/AdminLogin_ShouldSucceed&#xD;
&#xD;
2019-10-11 16:15:56 - [TEST_STEP][PASSED] - openBrowser(""): Browser is opened with url: ''&#xD;
&#xD;
2019-10-11 16:15:56 - [MESSAGE][WARNING] - A browser is already opened. Closing browser and opening a new one&#xD;
&#xD;
2019-10-11 16:15:57 - [MESSAGE][INFO] - Starting 'Chrome' driver&#xD;
&#xD;
2019-10-11 16:16:00 - [MESSAGE][PASSED] - Browser is opened with url: ''&#xD;
&#xD;
2019-10-11 16:16:00 - [TEST_STEP][PASSED] - maximizeWindow(): Current window maximized&#xD;
&#xD;
2019-10-11 16:16:01 - [MESSAGE][PASSED] - Current window maximized&#xD;
&#xD;
2019-10-11 16:16:01 - [TEST_STEP][PASSED] - navigateToUrl(login_url): Navigate to 'https://10.2.200.37:8441/login' successfully&#xD;
&#xD;
2019-10-11 16:16:02 - [MESSAGE][PASSED] - Navigate to 'https://10.2.200.37:8441/login' successfully&#xD;
&#xD;
2019-10-11 16:16:02 - [TEST_STEP][PASSED] - setText(findTestObject("Object Repository/Login_OR/AdminLogin_ShouldSucceed/Page_Unified Wallet/input_Sign in_mat-input-0"), username_admin): Text 'admin' is set on object 'Object Repository/Login_OR/AdminLogin_ShouldSucceed/Page_Unified Wallet/input_Sign in_mat-input-0'&#xD;
&#xD;
2019-10-11 16:16:02 - [MESSAGE][PASSED] - Text 'admin' is set on object 'Object Repository/Login_OR/AdminLogin_ShouldSucceed/Page_Unified Wallet/input_Sign in_mat-input-0'&#xD;
&#xD;
2019-10-11 16:16:02 - [TEST_STEP][PASSED] - setEncryptedText(findTestObject("Object Repository/Login_OR/AdminLogin_ShouldSucceed/Page_Unified Wallet/input_Username_mat-input-1"), username_admins_Password): Text ****** has been set on object 'Object Repository/Login_OR/AdminLogin_ShouldSucceed/Page_Unified Wallet/input_Username_mat-input-1'&#xD;
&#xD;
2019-10-11 16:16:02 - [MESSAGE][PASSED] - Text ****** has been set on object 'Object Repository/Login_OR/AdminLogin_ShouldSucceed/Page_Unified Wallet/input_Username_mat-input-1'&#xD;
&#xD;
2019-10-11 16:16:02 - [TEST_STEP][PASSED] - click(findTestObject("Object Repository/Login_OR/AdminLogin_ShouldSucceed/Page_Unified Wallet/button_Login")): Object: 'Object Repository/Login_OR/AdminLogin_ShouldSucceed/Page_Unified Wallet/button_Login' is clicked on&#xD;
&#xD;
2019-10-11 16:16:03 - [MESSAGE][PASSED] - Object: 'Object Repository/Login_OR/AdminLogin_ShouldSucceed/Page_Unified Wallet/button_Login' is clicked on&#xD;
&#xD;
2019-10-11 16:16:03 - [TEST_STEP][PASSED] - delay(2): Delayed 2 second(s)&#xD;
&#xD;
2019-10-11 16:16:05 - [MESSAGE][PASSED] - Delayed 2 second(s)&#xD;
&#xD;
2019-10-11 16:16:05 - [MESSAGE][PASSED] - Call Test Case 'Test Cases/Login/AdminLogin_ShouldSucceed' successfully&#xD;
&#xD;
2019-10-11 16:16:05 - [TEST_STEP][PASSED] - click(findTestObject("Object Repository/Employee/Employee_Role_And_Task_OR/Roles_OR/Add_OR/Add_Role_new_Shouldsucceed/Add_new_role/div_more_vert_hamburgerWrapper"), OPTIONAL): Object: 'Object Repository/Employee/Employee_Role_And_Task_OR/Roles_OR/Add_OR/Add_Role_new_Shouldsucceed/Add_new_role/div_more_vert_hamburgerWrapper' is clicked on&#xD;
&#xD;
2019-10-11 16:16:05 - [MESSAGE][PASSED] - Object: 'Object Repository/Employee/Employee_Role_And_Task_OR/Roles_OR/Add_OR/Add_Role_new_Shouldsucceed/Add_new_role/div_more_vert_hamburgerWrapper' is clicked on&#xD;
&#xD;
2019-10-11 16:16:05 - [TEST_STEP][PASSED] - click(findTestObject("Object Repository/Employee/Employee_Role_And_Task_OR/Roles_OR/Add_OR/Add_Role_new_Shouldsucceed/Add_new_role/i_account_circle")): Object: 'Object Repository/Employee/Employee_Role_And_Task_OR/Roles_OR/Add_OR/Add_Role_new_Shouldsucceed/Add_new_role/i_account_circle' is clicked on&#xD;
&#xD;
2019-10-11 16:16:05 - [MESSAGE][PASSED] - Object: 'Object Repository/Employee/Employee_Role_And_Task_OR/Roles_OR/Add_OR/Add_Role_new_Shouldsucceed/Add_new_role/i_account_circle' is clicked on&#xD;
&#xD;
2019-10-11 16:16:05 - [TEST_STEP][PASSED] - click(findTestObject("Object Repository/Employee/Employee_Role_And_Task_OR/Roles_OR/Add_OR/Add_Role_new_Shouldsucceed/Add_new_role/a_assignmentRole And Task")): Object: 'Object Repository/Employee/Employee_Role_And_Task_OR/Roles_OR/Add_OR/Add_Role_new_Shouldsucceed/Add_new_role/a_assignmentRole And Task' is clicked on&#xD;
&#xD;
2019-10-11 16:16:05 - [MESSAGE][PASSED] - Object: 'Object Repository/Employee/Employee_Role_And_Task_OR/Roles_OR/Add_OR/Add_Role_new_Shouldsucceed/Add_new_role/a_assignmentRole And Task' is clicked on&#xD;
&#xD;
2019-10-11 16:16:05 - [TEST_STEP][PASSED] - delay(1): Delayed 1 second(s)&#xD;
&#xD;
2019-10-11 16:16:06 - [MESSAGE][PASSED] - Delayed 1 second(s)&#xD;
&#xD;
2019-10-11 16:16:06 - [TEST_STEP][PASSED] - click(findTestObject("Object Repository/Employee/Employee_Role_And_Task_OR/Roles_OR/Add_OR/Add_Role_new_Shouldsucceed/Add_new_role/i_add")): Object: 'Object Repository/Employee/Employee_Role_And_Task_OR/Roles_OR/Add_OR/Add_Role_new_Shouldsucceed/Add_new_role/i_add' is clicked on&#xD;
&#xD;
2019-10-11 16:16:06 - [MESSAGE][PASSED] - Object: 'Object Repository/Employee/Employee_Role_And_Task_OR/Roles_OR/Add_OR/Add_Role_new_Shouldsucceed/Add_new_role/i_add' is clicked on&#xD;
&#xD;
2019-10-11 16:16:06 - [TEST_STEP][PASSED] - setText(findTestObject("Object Repository/Employee/Employee_Role_And_Task_OR/Roles_OR/Add_OR/Add_Role_new_Shouldsucceed/Add_new_role/input_Add Role_code"), role_code): Text 'RVINC' is set on object 'Object Repository/Employee/Employee_Role_And_Task_OR/Roles_OR/Add_OR/Add_Role_new_Shouldsucceed/Add_new_role/input_Add Role_code'&#xD;
&#xD;
2019-10-11 16:16:06 - [MESSAGE][PASSED] - Text 'RVINC' is set on object 'Object Repository/Employee/Employee_Role_And_Task_OR/Roles_OR/Add_OR/Add_Role_new_Shouldsucceed/Add_new_role/input_Add Role_code'&#xD;
&#xD;
2019-10-11 16:16:06 - [TEST_STEP][PASSED] - setText(findTestObject("Object Repository/Employee/Employee_Role_And_Task_OR/Roles_OR/Add_OR/Add_Role_new_Shouldsucceed/Add_new_role/input_Code_name"), role_name): Text 'RVINN' is set on object 'Object Repository/Employee/Employee_Role_And_Task_OR/Roles_OR/Add_OR/Add_Role_new_Shouldsucceed/Add_new_role/input_Code_name'&#xD;
&#xD;
2019-10-11 16:16:06 - [MESSAGE][PASSED] - Text 'RVINN' is set on object 'Object Repository/Employee/Employee_Role_And_Task_OR/Roles_OR/Add_OR/Add_Role_new_Shouldsucceed/Add_new_role/input_Code_name'&#xD;
&#xD;
2019-10-11 16:16:06 - [TEST_STEP][PASSED] - setText(findTestObject("Object Repository/Employee/Employee_Role_And_Task_OR/Roles_OR/Add_OR/Add_Role_new_Shouldsucceed/Add_new_role/input_Name_description"), role_description): Text 'RVIND' is set on object 'Object Repository/Employee/Employee_Role_And_Task_OR/Roles_OR/Add_OR/Add_Role_new_Shouldsucceed/Add_new_role/input_Name_description'&#xD;
&#xD;
2019-10-11 16:16:06 - [MESSAGE][PASSED] - Text 'RVIND' is set on object 'Object Repository/Employee/Employee_Role_And_Task_OR/Roles_OR/Add_OR/Add_Role_new_Shouldsucceed/Add_new_role/input_Name_description'&#xD;
&#xD;
2019-10-11 16:16:06 - [TEST_STEP][PASSED] - delay(1): Delayed 1 second(s)&#xD;
&#xD;
2019-10-11 16:16:07 - [MESSAGE][PASSED] - Delayed 1 second(s)&#xD;
&#xD;
2019-10-11 16:16:07 - [TEST_STEP][PASSED] - click(findTestObject("Object Repository/Employee/Employee_Role_And_Task_OR/Roles_OR/Add_OR/Add_Role_new_Shouldsucceed/Add_new_role/div_Search_mat-checkbox-inner-container")): Object: 'Object Repository/Employee/Employee_Role_And_Task_OR/Roles_OR/Add_OR/Add_Role_new_Shouldsucceed/Add_new_role/div_Search_mat-checkbox-inner-container' is clicked on&#xD;
&#xD;
2019-10-11 16:16:07 - [MESSAGE][PASSED] - Object: 'Object Repository/Employee/Employee_Role_And_Task_OR/Roles_OR/Add_OR/Add_Role_new_Shouldsucceed/Add_new_role/div_Search_mat-checkbox-inner-container' is clicked on&#xD;
&#xD;
2019-10-11 16:16:07 - [TEST_STEP][PASSED] - delay(1): Delayed 1 second(s)&#xD;
&#xD;
2019-10-11 16:16:08 - [MESSAGE][PASSED] - Delayed 1 second(s)&#xD;
&#xD;
2019-10-11 16:16:08 - [TEST_STEP][PASSED] - click(findTestObject("Object Repository/Employee/Employee_Role_And_Task_OR/Roles_OR/Add_OR/Add_Role_new_Shouldsucceed/Add_new_role/button_Save")): Object: 'Object Repository/Employee/Employee_Role_And_Task_OR/Roles_OR/Add_OR/Add_Role_new_Shouldsucceed/Add_new_role/button_Save' is clicked on&#xD;
&#xD;
2019-10-11 16:16:08 - [MESSAGE][PASSED] - Object: 'Object Repository/Employee/Employee_Role_And_Task_OR/Roles_OR/Add_OR/Add_Role_new_Shouldsucceed/Add_new_role/button_Save' is clicked on&#xD;
&#xD;
2019-10-11 16:16:08 - [TEST_STEP][PASSED] - delay(1): Delayed 1 second(s)&#xD;
&#xD;
2019-10-11 16:16:09 - [MESSAGE][PASSED] - Delayed 1 second(s)&#xD;
&#xD;
2019-10-11 16:16:09 - [TEST_STEP][PASSED] - verifyTextPresent("created successfully", false): Text 'created successfully' is present on page &#xD;
&#xD;
2019-10-11 16:16:10 - [MESSAGE][PASSED] - Text 'created successfully' is present on page &#xD;
&#xD;
2019-10-11 16:16:10 - [TEST_STEP][PASSED] - delay(1): Delayed 1 second(s)&#xD;
&#xD;
2019-10-11 16:16:11 - [MESSAGE][PASSED] - Delayed 1 second(s)&#xD;
&#xD;
2019-10-11 16:16:11 - [TEST_STEP][PASSED] - click(findTestObject("Object Repository/Employee/Employee_Role_And_Task_OR/Roles_OR/Add_OR/Add_Role_new_Shouldsucceed/Add_new_role/button_Cancel")): Object: 'Object Repository/Employee/Employee_Role_And_Task_OR/Roles_OR/Add_OR/Add_Role_new_Shouldsucceed/Add_new_role/button_Cancel' is clicked on&#xD;
&#xD;
2019-10-11 16:16:11 - [MESSAGE][PASSED] - Object: 'Object Repository/Employee/Employee_Role_And_Task_OR/Roles_OR/Add_OR/Add_Role_new_Shouldsucceed/Add_new_role/button_Cancel' is clicked on&#xD;
&#xD;
2019-10-11 16:16:11 - [TEST_STEP][PASSED] - closeBrowser(): Browser is closed&#xD;
&#xD;
2019-10-11 16:16:11 - [MESSAGE][PASSED] - Browser is closed</system-out>
            <system-err></system-err>
        </testcase>
        <testcase name="Test Cases/Employee/Employee_Role_And_Task/Roles/Add/Add_Role_existing_ShouldgiveErrorMessage" classname="Test Cases/Employee/Employee_Role_And_Task/Roles/Add/Add_Role_existing_ShouldgiveErrorMessage" status="PASSED">
            <system-out>2019-10-11 16:16:11 - [TEST_CASE][PASSED] - Test Cases/Employee/Employee_Role_And_Task/Roles/Add/Add_Role_existing_ShouldgiveErrorMessage: Test Cases/Employee/Employee_Role_And_Task/Roles/Add/Add_Role_existing_ShouldgiveErrorMessage&#xD;
&#xD;
2019-10-11 16:16:12 - [TEST_STEP][PASSED] - callTestCase(findTestCase("Login/AdminLogin_ShouldSucceed"), [:], STOP_ON_FAILURE): Call Test Case 'Test Cases/Login/AdminLogin_ShouldSucceed' successfully&#xD;
&#xD;
2019-10-11 16:16:12 - [TEST_CASE][PASSED] - Test Cases/Login/AdminLogin_ShouldSucceed: Test Cases/Login/AdminLogin_ShouldSucceed&#xD;
&#xD;
2019-10-11 16:16:12 - [TEST_STEP][PASSED] - openBrowser(""): Browser is opened with url: ''&#xD;
&#xD;
2019-10-11 16:16:12 - [MESSAGE][INFO] - Starting 'Chrome' driver&#xD;
&#xD;
2019-10-11 16:16:14 - [MESSAGE][PASSED] - Browser is opened with url: ''&#xD;
&#xD;
2019-10-11 16:16:14 - [TEST_STEP][PASSED] - maximizeWindow(): Current window maximized&#xD;
&#xD;
2019-10-11 16:16:15 - [MESSAGE][PASSED] - Current window maximized&#xD;
&#xD;
2019-10-11 16:16:15 - [TEST_STEP][PASSED] - navigateToUrl(login_url): Navigate to 'https://10.2.200.37:8441/login' successfully&#xD;
&#xD;
2019-10-11 16:16:17 - [MESSAGE][PASSED] - Navigate to 'https://10.2.200.37:8441/login' successfully&#xD;
&#xD;
2019-10-11 16:16:17 - [TEST_STEP][PASSED] - setText(findTestObject("Object Repository/Login_OR/AdminLogin_ShouldSucceed/Page_Unified Wallet/input_Sign in_mat-input-0"), username_admin): Text 'admin' is set on object 'Object Repository/Login_OR/AdminLogin_ShouldSucceed/Page_Unified Wallet/input_Sign in_mat-input-0'&#xD;
&#xD;
2019-10-11 16:16:17 - [MESSAGE][PASSED] - Text 'admin' is set on object 'Object Repository/Login_OR/AdminLogin_ShouldSucceed/Page_Unified Wallet/input_Sign in_mat-input-0'&#xD;
&#xD;
2019-10-11 16:16:17 - [TEST_STEP][PASSED] - setEncryptedText(findTestObject("Object Repository/Login_OR/AdminLogin_ShouldSucceed/Page_Unified Wallet/input_Username_mat-input-1"), username_admins_Password): Text ****** has been set on object 'Object Repository/Login_OR/AdminLogin_ShouldSucceed/Page_Unified Wallet/input_Username_mat-input-1'&#xD;
&#xD;
2019-10-11 16:16:17 - [MESSAGE][PASSED] - Text ****** has been set on object 'Object Repository/Login_OR/AdminLogin_ShouldSucceed/Page_Unified Wallet/input_Username_mat-input-1'&#xD;
&#xD;
2019-10-11 16:16:17 - [TEST_STEP][PASSED] - click(findTestObject("Object Repository/Login_OR/AdminLogin_ShouldSucceed/Page_Unified Wallet/button_Login")): Object: 'Object Repository/Login_OR/AdminLogin_ShouldSucceed/Page_Unified Wallet/button_Login' is clicked on&#xD;
&#xD;
2019-10-11 16:16:17 - [MESSAGE][PASSED] - Object: 'Object Repository/Login_OR/AdminLogin_ShouldSucceed/Page_Unified Wallet/button_Login' is clicked on&#xD;
&#xD;
2019-10-11 16:16:17 - [TEST_STEP][PASSED] - delay(2): Delayed 2 second(s)&#xD;
&#xD;
2019-10-11 16:16:19 - [MESSAGE][PASSED] - Delayed 2 second(s)&#xD;
&#xD;
2019-10-11 16:16:19 - [MESSAGE][PASSED] - Call Test Case 'Test Cases/Login/AdminLogin_ShouldSucceed' successfully&#xD;
&#xD;
2019-10-11 16:16:19 - [TEST_STEP][PASSED] - click(findTestObject("Object Repository/Employee/Employee_Role_And_Task_OR/Roles_OR/Add_OR/Add_Role_existing_ShouldgiveerrorMessage/div_more_vert_hamburgerWrapper"), OPTIONAL): Object: 'Object Repository/Employee/Employee_Role_And_Task_OR/Roles_OR/Add_OR/Add_Role_existing_ShouldgiveerrorMessage/div_more_vert_hamburgerWrapper' is clicked on&#xD;
&#xD;
2019-10-11 16:16:19 - [MESSAGE][PASSED] - Object: 'Object Repository/Employee/Employee_Role_And_Task_OR/Roles_OR/Add_OR/Add_Role_existing_ShouldgiveerrorMessage/div_more_vert_hamburgerWrapper' is clicked on&#xD;
&#xD;
2019-10-11 16:16:19 - [TEST_STEP][PASSED] - click(findTestObject("Object Repository/Employee/Employee_Role_And_Task_OR/Roles_OR/Add_OR/Add_Role_existing_ShouldgiveerrorMessage/a_account_circleEmployee")): Object: 'Object Repository/Employee/Employee_Role_And_Task_OR/Roles_OR/Add_OR/Add_Role_existing_ShouldgiveerrorMessage/a_account_circleEmployee' is clicked on&#xD;
&#xD;
2019-10-11 16:16:20 - [MESSAGE][PASSED] - Object: 'Object Repository/Employee/Employee_Role_And_Task_OR/Roles_OR/Add_OR/Add_Role_existing_ShouldgiveerrorMessage/a_account_circleEmployee' is clicked on&#xD;
&#xD;
2019-10-11 16:16:20 - [TEST_STEP][PASSED] - click(findTestObject("Object Repository/Employee/Employee_Role_And_Task_OR/Roles_OR/Add_OR/Add_Role_existing_ShouldgiveerrorMessage/a_assignmentRole And Task")): Object: 'Object Repository/Employee/Employee_Role_And_Task_OR/Roles_OR/Add_OR/Add_Role_existing_ShouldgiveerrorMessage/a_assignmentRole And Task' is clicked on&#xD;
&#xD;
2019-10-11 16:16:20 - [MESSAGE][PASSED] - Object: 'Object Repository/Employee/Employee_Role_And_Task_OR/Roles_OR/Add_OR/Add_Role_existing_ShouldgiveerrorMessage/a_assignmentRole And Task' is clicked on&#xD;
&#xD;
2019-10-11 16:16:20 - [TEST_STEP][PASSED] - delay(1): Delayed 1 second(s)&#xD;
&#xD;
2019-10-11 16:16:21 - [MESSAGE][PASSED] - Delayed 1 second(s)&#xD;
&#xD;
2019-10-11 16:16:21 - [TEST_STEP][PASSED] - click(findTestObject("Object Repository/Employee/Employee_Role_And_Task_OR/Roles_OR/Add_OR/Add_Role_existing_ShouldgiveerrorMessage/i_add")): Object: 'Object Repository/Employee/Employee_Role_And_Task_OR/Roles_OR/Add_OR/Add_Role_existing_ShouldgiveerrorMessage/i_add' is clicked on&#xD;
&#xD;
2019-10-11 16:16:21 - [MESSAGE][PASSED] - Object: 'Object Repository/Employee/Employee_Role_And_Task_OR/Roles_OR/Add_OR/Add_Role_existing_ShouldgiveerrorMessage/i_add' is clicked on&#xD;
&#xD;
2019-10-11 16:16:21 - [TEST_STEP][PASSED] - setText(findTestObject("Object Repository/Employee/Employee_Role_And_Task_OR/Roles_OR/Add_OR/Add_Role_existing_ShouldgiveerrorMessage/input_Add Role_code"), role_code): Text 'RVINC' is set on object 'Object Repository/Employee/Employee_Role_And_Task_OR/Roles_OR/Add_OR/Add_Role_existing_ShouldgiveerrorMessage/input_Add Role_code'&#xD;
&#xD;
2019-10-11 16:16:21 - [MESSAGE][PASSED] - Text 'RVINC' is set on object 'Object Repository/Employee/Employee_Role_And_Task_OR/Roles_OR/Add_OR/Add_Role_existing_ShouldgiveerrorMessage/input_Add Role_code'&#xD;
&#xD;
2019-10-11 16:16:21 - [TEST_STEP][PASSED] - setText(findTestObject("Object Repository/Employee/Employee_Role_And_Task_OR/Roles_OR/Add_OR/Add_Role_existing_ShouldgiveerrorMessage/input_Code_name"), role_name): Text 'RVINN' is set on object 'Object Repository/Employee/Employee_Role_And_Task_OR/Roles_OR/Add_OR/Add_Role_existing_ShouldgiveerrorMessage/input_Code_name'&#xD;
&#xD;
2019-10-11 16:16:21 - [MESSAGE][PASSED] - Text 'RVINN' is set on object 'Object Repository/Employee/Employee_Role_And_Task_OR/Roles_OR/Add_OR/Add_Role_existing_ShouldgiveerrorMessage/input_Code_name'&#xD;
&#xD;
2019-10-11 16:16:21 - [TEST_STEP][PASSED] - setText(findTestObject("Object Repository/Employee/Employee_Role_And_Task_OR/Roles_OR/Add_OR/Add_Role_existing_ShouldgiveerrorMessage/input_Name_description"), role_description): Text 'RVIND' is set on object 'Object Repository/Employee/Employee_Role_And_Task_OR/Roles_OR/Add_OR/Add_Role_existing_ShouldgiveerrorMessage/input_Name_description'&#xD;
&#xD;
2019-10-11 16:16:21 - [MESSAGE][PASSED] - Text 'RVIND' is set on object 'Object Repository/Employee/Employee_Role_And_Task_OR/Roles_OR/Add_OR/Add_Role_existing_ShouldgiveerrorMessage/input_Name_description'&#xD;
&#xD;
2019-10-11 16:16:21 - [TEST_STEP][PASSED] - delay(1): Delayed 1 second(s)&#xD;
&#xD;
2019-10-11 16:16:22 - [MESSAGE][PASSED] - Delayed 1 second(s)&#xD;
&#xD;
2019-10-11 16:16:22 - [TEST_STEP][PASSED] - check(findTestObject("Object Repository/Employee/Employee_Role_And_Task_OR/Roles_OR/Add_OR/Add_Role_existing_ShouldgiveerrorMessage/div_Search_mat-checkbox-inner-container")): Object 'Object Repository/Employee/Employee_Role_And_Task_OR/Roles_OR/Add_OR/Add_Role_existing_ShouldgiveerrorMessage/div_Search_mat-checkbox-inner-container' is checked&#xD;
&#xD;
2019-10-11 16:16:22 - [MESSAGE][PASSED] - Object 'Object Repository/Employee/Employee_Role_And_Task_OR/Roles_OR/Add_OR/Add_Role_existing_ShouldgiveerrorMessage/div_Search_mat-checkbox-inner-container' is checked&#xD;
&#xD;
2019-10-11 16:16:22 - [TEST_STEP][PASSED] - delay(1): Delayed 1 second(s)&#xD;
&#xD;
2019-10-11 16:16:23 - [MESSAGE][PASSED] - Delayed 1 second(s)&#xD;
&#xD;
2019-10-11 16:16:23 - [TEST_STEP][PASSED] - click(findTestObject("Object Repository/Employee/Employee_Role_And_Task_OR/Roles_OR/Add_OR/Add_Role_existing_ShouldgiveerrorMessage/button_Save")): Object: 'Object Repository/Employee/Employee_Role_And_Task_OR/Roles_OR/Add_OR/Add_Role_existing_ShouldgiveerrorMessage/button_Save' is clicked on&#xD;
&#xD;
[...]
&#xD;
2019-10-11 16:20:35 - [TEST_CASE][PASSED] - Test Cases/Login/AdminLogin_ShouldSucceed: Test Cases/Login/AdminLogin_ShouldSucceed&#xD;
&#xD;
2019-10-11 16:20:35 - [TEST_STEP][PASSED] - openBrowser(""): Browser is opened with url: ''&#xD;
&#xD;
2019-10-11 16:20:35 - [MESSAGE][WARNING] - A browser is already opened. Closing browser and opening a new one&#xD;
&#xD;
2019-10-11 16:20:36 - [MESSAGE][INFO] - Starting 'Chrome' driver&#xD;
&#xD;
2019-10-11 16:20:39 - [MESSAGE][PASSED] - Browser is opened with url: ''&#xD;
&#xD;
2019-10-11 16:20:39 - [TEST_STEP][PASSED] - maximizeWindow(): Current window maximized&#xD;
&#xD;
2019-10-11 16:20:40 - [MESSAGE][PASSED] - Current window maximized&#xD;
&#xD;
2019-10-11 16:20:40 - [TEST_STEP][PASSED] - navigateToUrl(login_url): Navigate to 'https://10.2.200.37:8441/login' successfully&#xD;
&#xD;
2019-10-11 16:20:41 - [MESSAGE][PASSED] - Navigate to 'https://10.2.200.37:8441/login' successfully&#xD;
&#xD;
2019-10-11 16:20:41 - [TEST_STEP][PASSED] - setText(findTestObject("Object Repository/Login_OR/AdminLogin_ShouldSucceed/Page_Unified Wallet/input_Sign in_mat-input-0"), username_admin): Text 'admin' is set on object 'Object Repository/Login_OR/AdminLogin_ShouldSucceed/Page_Unified Wallet/input_Sign in_mat-input-0'&#xD;
&#xD;
2019-10-11 16:20:41 - [MESSAGE][PASSED] - Text 'admin' is set on object 'Object Repository/Login_OR/AdminLogin_ShouldSucceed/Page_Unified Wallet/input_Sign in_mat-input-0'&#xD;
&#xD;
2019-10-11 16:20:41 - [TEST_STEP][PASSED] - setEncryptedText(findTestObject("Object Repository/Login_OR/AdminLogin_ShouldSucceed/Page_Unified Wallet/input_Username_mat-input-1"), username_admins_Password): Text ****** has been set on object 'Object Repository/Login_OR/AdminLogin_ShouldSucceed/Page_Unified Wallet/input_Username_mat-input-1'&#xD;
&#xD;
2019-10-11 16:20:41 - [MESSAGE][PASSED] - Text ****** has been set on object 'Object Repository/Login_OR/AdminLogin_ShouldSucceed/Page_Unified Wallet/input_Username_mat-input-1'&#xD;
&#xD;
2019-10-11 16:20:41 - [TEST_STEP][PASSED] - click(findTestObject("Object Repository/Login_OR/AdminLogin_ShouldSucceed/Page_Unified Wallet/button_Login")): Object: 'Object Repository/Login_OR/AdminLogin_ShouldSucceed/Page_Unified Wallet/button_Login' is clicked on&#xD;
&#xD;
2019-10-11 16:20:41 - [MESSAGE][PASSED] - Object: 'Object Repository/Login_OR/AdminLogin_ShouldSucceed/Page_Unified Wallet/button_Login' is clicked on&#xD;
&#xD;
2019-10-11 16:20:41 - [TEST_STEP][PASSED] - delay(2): Delayed 2 second(s)&#xD;
&#xD;
2019-10-11 16:20:43 - [MESSAGE][PASSED] - Delayed 2 second(s)&#xD;
&#xD;
2019-10-11 16:20:43 - [MESSAGE][PASSED] - Call Test Case 'Test Cases/Login/AdminLogin_ShouldSucceed' successfully&#xD;
&#xD;
2019-10-11 16:20:43 - [TEST_STEP][PASSED] - click(findTestObject("Object Repository/Employee/Employee_Role_And_Task_OR/Task Group_OR/Delete_OR/Delete_RoleInactive_ShouldSucceed/div_more_vert_hamburgerWrapper")): Object: 'Object Repository/Employee/Employee_Role_And_Task_OR/Task Group_OR/Delete_OR/Delete_RoleInactive_ShouldSucceed/div_more_vert_hamburgerWrapper' is clicked on&#xD;
&#xD;
2019-10-11 16:20:47 - [MESSAGE][PASSED] - Object: 'Object Repository/Employee/Employee_Role_And_Task_OR/Task Group_OR/Delete_OR/Delete_RoleInactive_ShouldSucceed/div_more_vert_hamburgerWrapper' is clicked on&#xD;
&#xD;
2019-10-11 16:20:47 - [TEST_STEP][PASSED] - click(findTestObject("Object Repository/Employee/Employee_Role_And_Task_OR/Task Group_OR/Delete_OR/Delete_RoleInactive_ShouldSucceed/a_account_circleEmployee")): Object: 'Object Repository/Employee/Employee_Role_And_Task_OR/Task Group_OR/Delete_OR/Delete_RoleInactive_ShouldSucceed/a_account_circleEmployee' is clicked on&#xD;
&#xD;
2019-10-11 16:20:47 - [MESSAGE][PASSED] - Object: 'Object Repository/Employee/Employee_Role_And_Task_OR/Task Group_OR/Delete_OR/Delete_RoleInactive_ShouldSucceed/a_account_circleEmployee' is clicked on&#xD;
&#xD;
2019-10-11 16:20:47 - [TEST_STEP][PASSED] - click(findTestObject("Object Repository/Employee/Employee_Role_And_Task_OR/Task Group_OR/Delete_OR/Delete_RoleInactive_ShouldSucceed/a_assignmentRole And Task")): Object: 'Object Repository/Employee/Employee_Role_And_Task_OR/Task Group_OR/Delete_OR/Delete_RoleInactive_ShouldSucceed/a_assignmentRole And Task' is clicked on&#xD;
&#xD;
2019-10-11 16:20:47 - [MESSAGE][PASSED] - Object: 'Object Repository/Employee/Employee_Role_And_Task_OR/Task Group_OR/Delete_OR/Delete_RoleInactive_ShouldSucceed/a_assignmentRole And Task' is clicked on&#xD;
&#xD;
2019-10-11 16:20:47 - [TEST_STEP][PASSED] - click(findTestObject("Object Repository/Employee/Employee_Role_And_Task_OR/Task Group_OR/Delete_OR/Delete_RoleInactive_ShouldSucceed/div_Task Group")): Object: 'Object Repository/Employee/Employee_Role_And_Task_OR/Task Group_OR/Delete_OR/Delete_RoleInactive_ShouldSucceed/div_Task Group' is clicked on&#xD;
&#xD;
2019-10-11 16:20:47 - [MESSAGE][PASSED] - Object: 'Object Repository/Employee/Employee_Role_And_Task_OR/Task Group_OR/Delete_OR/Delete_RoleInactive_ShouldSucceed/div_Task Group' is clicked on&#xD;
&#xD;
2019-10-11 16:20:47 - [TEST_STEP][PASSED] - delay(1): Delayed 1 second(s)&#xD;
&#xD;
2019-10-11 16:20:48 - [MESSAGE][PASSED] - Delayed 1 second(s)&#xD;
&#xD;
2019-10-11 16:20:48 - [TEST_STEP][PASSED] - click(findTestObject("Object Repository/Employee/Employee_Role_And_Task_OR/Task Group_OR/Delete_OR/Delete_RoleInactive_ShouldSucceed/mat-cell_TVINC")): Object: 'Object Repository/Employee/Employee_Role_And_Task_OR/Task Group_OR/Delete_OR/Delete_RoleInactive_ShouldSucceed/mat-cell_TVINC' is clicked on&#xD;
&#xD;
2019-10-11 16:20:48 - [MESSAGE][PASSED] - Object: 'Object Repository/Employee/Employee_Role_And_Task_OR/Task Group_OR/Delete_OR/Delete_RoleInactive_ShouldSucceed/mat-cell_TVINC' is clicked on&#xD;
&#xD;
2019-10-11 16:20:48 - [TEST_STEP][PASSED] - delay(1): Delayed 1 second(s)&#xD;
&#xD;
2019-10-11 16:20:49 - [MESSAGE][PASSED] - Delayed 1 second(s)&#xD;
&#xD;
2019-10-11 16:20:49 - [TEST_STEP][PASSED] - click(findTestObject("Object Repository/Employee/Employee_Role_And_Task_OR/Task Group_OR/Delete_OR/Delete_RoleInactive_ShouldSucceed/i_delete")): Object: 'Object Repository/Employee/Employee_Role_And_Task_OR/Task Group_OR/Delete_OR/Delete_RoleInactive_ShouldSucceed/i_delete' is clicked on&#xD;
&#xD;
2019-10-11 16:20:50 - [MESSAGE][PASSED] - Object: 'Object Repository/Employee/Employee_Role_And_Task_OR/Task Group_OR/Delete_OR/Delete_RoleInactive_ShouldSucceed/i_delete' is clicked on&#xD;
&#xD;
2019-10-11 16:20:50 - [TEST_STEP][PASSED] - delay(1): Delayed 1 second(s)&#xD;
&#xD;
2019-10-11 16:20:51 - [MESSAGE][PASSED] - Delayed 1 second(s)&#xD;
&#xD;
2019-10-11 16:20:51 - [TEST_STEP][PASSED] - verifyTextPresent("Do you want to delete", false): Text 'Do you want to delete' is present on page &#xD;
&#xD;
2019-10-11 16:20:51 - [MESSAGE][PASSED] - Text 'Do you want to delete' is present on page &#xD;
&#xD;
2019-10-11 16:20:51 - [TEST_STEP][PASSED] - delay(1): Delayed 1 second(s)&#xD;
&#xD;
2019-10-11 16:20:52 - [MESSAGE][PASSED] - Delayed 1 second(s)&#xD;
&#xD;
2019-10-11 16:20:52 - [TEST_STEP][PASSED] - click(findTestObject("Object Repository/Employee/Employee_Role_And_Task_OR/Task Group_OR/Delete_OR/Delete_RoleInactive_ShouldSucceed/button_Ok")): Object: 'Object Repository/Employee/Employee_Role_And_Task_OR/Task Group_OR/Delete_OR/Delete_RoleInactive_ShouldSucceed/button_Ok' is clicked on&#xD;
&#xD;
2019-10-11 16:20:52 - [MESSAGE][PASSED] - Object: 'Object Repository/Employee/Employee_Role_And_Task_OR/Task Group_OR/Delete_OR/Delete_RoleInactive_ShouldSucceed/button_Ok' is clicked on&#xD;
&#xD;
2019-10-11 16:20:52 - [TEST_STEP][PASSED] - delay(1): Delayed 1 second(s)&#xD;
&#xD;
2019-10-11 16:20:53 - [MESSAGE][PASSED] - Delayed 1 second(s)&#xD;
&#xD;
2019-10-11 16:20:53 - [TEST_STEP][FAILED] - verifyTextPresent("deleted successfully", false): Unable to verify text 'deleted successfully' is present  (Root cause: com.kms.katalon.core.exception.StepFailedException: Unable to verify text 'deleted successfully' is present &#xD;
	at com.kms.katalon.core.webui.keyword.internal.WebUIKeywordMain.stepFailed(WebUIKeywordMain.groovy:64)&#xD;
	at com.kms.katalon.core.webui.keyword.internal.WebUIKeywordMain.runKeyword(WebUIKeywordMain.groovy:26)&#xD;
	at com.kms.katalon.core.webui.keyword.builtin.VerifyTextPresentKeyword.verifyTextPresent(VerifyTextPresentKeyword.groovy:83)&#xD;
	at com.kms.katalon.core.webui.keyword.builtin.VerifyTextPresentKeyword.execute(VerifyTextPresentKeyword.groovy:68)&#xD;
	at com.kms.katalon.core.keyword.internal.KeywordExecutor.executeKeywordForPlatform(KeywordExecutor.groovy:56)&#xD;
	at com.kms.katalon.core.webui.keyword.WebUiBuiltInKeywords.verifyTextPresent(WebUiBuiltInKeywords.groovy:1693)&#xD;
	at com.kms.katalon.core.webui.keyword.WebUiBuiltInKeywords$verifyTextPresent$6.call(Unknown Source)&#xD;
	at Delete_RoleInactive_ShouldSucceed.run(Delete_RoleInactive_ShouldSucceed:44)&#xD;
	at com.kms.katalon.core.main.ScriptEngine.run(ScriptEngine.java:194)&#xD;
	at com.kms.katalon.core.main.ScriptEngine.runScriptAsRawText(ScriptEngine.java:119)&#xD;
	at com.kms.katalon.core.main.TestCaseExecutor.runScript(TestCaseExecutor.java:337)&#xD;
	at com.kms.katalon.core.main.TestCaseExecutor.doExecute(TestCaseExecutor.java:328)&#xD;
	at com.kms.katalon.core.main.TestCaseExecutor.processExecutionPhase(TestCaseExecutor.java:307)&#xD;
	at com.kms.katalon.core.main.TestCaseExecutor.accessMainPhase(TestCaseExecutor.java:299)&#xD;
	at com.kms.katalon.core.main.TestCaseExecutor.execute(TestCaseExecutor.java:233)&#xD;
	at com.kms.katalon.core.main.TestSuiteExecutor.accessTestCaseMainPhase(TestSuiteExecutor.java:133)&#xD;
	at com.kms.katalon.core.main.TestSuiteExecutor.accessTestSuiteMainPhase(TestSuiteExecutor.java:116)&#xD;
	at com.kms.katalon.core.main.TestSuiteExecutor.execute(TestSuiteExecutor.java:83)&#xD;
	at com.kms.katalon.core.main.TestCaseMain.startTestSuite(TestCaseMain.java:157)&#xD;
	at com.kms.katalon.core.main.TestCaseMain$startTestSuite$0.call(Unknown Source)&#xD;
	at TempTestSuite1570790696642.run(TempTestSuite1570790696642.groovy:35)&#xD;
Caused by: com.kms.katalon.core.exception.StepFailedException: Text 'deleted successfully' is not present on page &#xD;
	at com.kms.katalon.core.webui.keyword.internal.WebUIKeywordMain.stepFailed(WebUIKeywordMain.groovy:64)&#xD;
	at com.kms.katalon.core.webui.keyword.builtin.VerifyTextPresentKeyword$_verifyTextPresent_closure1.doCall(VerifyTextPresentKeyword.groovy:79)&#xD;
	at com.kms.katalon.core.webui.keyword.builtin.VerifyTextPresentKeyword$_verifyTextPresent_closure1.call(VerifyTextPresentKeyword.groovy)&#xD;
	at com.kms.katalon.core.webui.keyword.internal.WebUIKeywordMain.runKeyword(WebUIKeywordMain.groovy:20)&#xD;
	... 19 more&#xD;
)&#xD;
&#xD;
2019-10-11 16:20:53 - [MESSAGE][FAILED] - Text 'deleted successfully' is not present on page  (Root cause: com.kms.katalon.core.exception.StepFailedException: Text 'deleted successfully' is not present on page &#xD;
	at com.kms.katalon.core.webui.keyword.internal.WebUIKeywordMain.stepFailed(WebUIKeywordMain.groovy:64)&#xD;
	at com.kms.katalon.core.webui.keyword.builtin.VerifyTextPresentKeyword$_verifyTextPresent_closure1.doCall(VerifyTextPresentKeyword.groovy:79)&#xD;
	at com.kms.katalon.core.webui.keyword.builtin.VerifyTextPresentKeyword$_verifyTextPresent_closure1.call(VerifyTextPresentKeyword.groovy)&#xD;
	at com.kms.katalon.core.webui.keyword.internal.WebUIKeywordMain.runKeyword(WebUIKeywordMain.groovy:20)&#xD;
	at com.kms.katalon.core.webui.keyword.builtin.VerifyTextPresentKeyword.verifyTextPresent(VerifyTextPresentKeyword.groovy:83)&#xD;
	at com.kms.katalon.core.webui.keyword.builtin.VerifyTextPresentKeyword.execute(VerifyTextPresentKeyword.groovy:68)&#xD;
	at com.kms.katalon.core.keyword.internal.KeywordExecutor.executeKeywordForPlatform(KeywordExecutor.groovy:56)&#xD;
	at com.kms.katalon.core.webui.keyword.WebUiBuiltInKeywords.verifyTextPresent(WebUiBuiltInKeywords.groovy:1693)&#xD;
	at com.kms.katalon.core.webui.keyword.WebUiBuiltInKeywords$verifyTextPresent$6.call(Unknown Source)&#xD;
	at Delete_RoleInactive_ShouldSucceed.run(Delete_RoleInactive_ShouldSucceed:44)&#xD;
	at com.kms.katalon.core.main.ScriptEngine.run(ScriptEngine.java:194)&#xD;
	at com.kms.katalon.core.main.ScriptEngine.runScriptAsRawText(ScriptEngine.java:119)&#xD;
	at com.kms.katalon.core.main.TestCaseExecutor.runScript(TestCaseExecutor.java:337)&#xD;
	at com.kms.katalon.core.main.TestCaseExecutor.doExecute(TestCaseExecutor.java:328)&#xD;
	at com.kms.katalon.core.main.TestCaseExecutor.processExecutionPhase(TestCaseExecutor.java:307)&#xD;
	at com.kms.katalon.core.main.TestCaseExecutor.accessMainPhase(TestCaseExecutor.java:299)&#xD;
	at com.kms.katalon.core.main.TestCaseExecutor.execute(TestCaseExecutor.java:233)&#xD;
	at com.kms.katalon.core.main.TestSuiteExecutor.accessTestCaseMainPhase(TestSuiteExecutor.java:133)&#xD;
	at com.kms.katalon.core.main.TestSuiteExecutor.accessTestSuiteMainPhase(TestSuiteExecutor.java:116)&#xD;
	at com.kms.katalon.core.main.TestSuiteExecutor.execute(TestSuiteExecutor.java:83)&#xD;
	at com.kms.katalon.core.main.TestCaseMain.startTestSuite(TestCaseMain.java:157)&#xD;
	at com.kms.katalon.core.main.TestCaseMain$startTestSuite$0.call(Unknown Source)&#xD;
	at TempTestSuite1570790696642.run(TempTestSuite1570790696642.groovy:35)&#xD;
)&#xD;
&#xD;
2019-10-11 16:20:53 - [MESSAGE][FAILED] - Unable to verify text 'deleted successfully' is present  (Root cause: com.kms.katalon.core.exception.StepFailedException: Unable to verify text 'deleted successfully' is present &#xD;
	at com.kms.katalon.core.webui.keyword.internal.WebUIKeywordMain.stepFailed(WebUIKeywordMain.groovy:64)&#xD;
	at com.kms.katalon.core.webui.keyword.internal.WebUIKeywordMain.runKeyword(WebUIKeywordMain.groovy:26)&#xD;
	at com.kms.katalon.core.webui.keyword.builtin.VerifyTextPresentKeyword.verifyTextPresent(VerifyTextPresentKeyword.groovy:83)&#xD;
	at com.kms.katalon.core.webui.keyword.builtin.VerifyTextPresentKeyword.execute(VerifyTextPresentKeyword.groovy:68)&#xD;
	at com.kms.katalon.core.keyword.internal.KeywordExecutor.executeKeywordForPlatform(KeywordExecutor.groovy:56)&#xD;
	at com.kms.katalon.core.webui.keyword.WebUiBuiltInKeywords.verifyTextPresent(WebUiBuiltInKeywords.groovy:1693)&#xD;
	at com.kms.katalon.core.webui.keyword.WebUiBuiltInKeywords$verifyTextPresent$6.call(Unknown Source)&#xD;
	at Delete_RoleInactive_ShouldSucceed.run(Delete_RoleInactive_ShouldSucceed:44)&#xD;
	at com.kms.katalon.core.main.ScriptEngine.run(ScriptEngine.java:194)&#xD;
	at com.kms.katalon.core.main.ScriptEngine.runScriptAsRawText(ScriptEngine.java:119)&#xD;
	at com.kms.katalon.core.main.TestCaseExecutor.runScript(TestCaseExecutor.java:337)&#xD;
	at com.kms.katalon.core.main.TestCaseExecutor.doExecute(TestCaseExecutor.java:328)&#xD;
	at com.kms.katalon.core.main.TestCaseExecutor.processExecutionPhase(TestCaseExecutor.java:307)&#xD;
	at com.kms.katalon.core.main.TestCaseExecutor.accessMainPhase(TestCaseExecutor.java:299)&#xD;
	at com.kms.katalon.core.main.TestCaseExecutor.execute(TestCaseExecutor.java:233)&#xD;
	at com.kms.katalon.core.main.TestSuiteExecutor.accessTestCaseMainPhase(TestSuiteExecutor.java:133)&#xD;
	at com.kms.katalon.core.main.TestSuiteExecutor.accessTestSuiteMainPhase(TestSuiteExecutor.java:116)&#xD;
	at com.kms.katalon.core.main.TestSuiteExecutor.execute(TestSuiteExecutor.java:83)&#xD;
	at com.kms.katalon.core.main.TestCaseMain.startTestSuite(TestCaseMain.java:157)&#xD;
	at com.kms.katalon.core.main.TestCaseMain$startTestSuite$0.call(Unknown Source)&#xD;
	at TempTestSuite1570790696642.run(TempTestSuite1570790696642.groovy:35)&#xD;
Caused by: com.kms.katalon.core.exception.StepFailedException: Text 'deleted successfully' is not present on page &#xD;
	at com.kms.katalon.core.webui.keyword.internal.WebUIKeywordMain.stepFailed(WebUIKeywordMain.groovy:64)&#xD;
	at com.kms.katalon.core.webui.keyword.builtin.VerifyTextPresentKeyword$_verifyTextPresent_closure1.doCall(VerifyTextPresentKeyword.groovy:79)&#xD;
	at com.kms.katalon.core.webui.keyword.builtin.VerifyTextPresentKeyword$_verifyTextPresent_closure1.call(VerifyTextPresentKeyword.groovy)&#xD;
	at com.kms.katalon.core.webui.keyword.internal.WebUIKeywordMain.runKeyword(WebUIKeywordMain.groovy:20)&#xD;
	... 19 more&#xD;
)&#xD;
[[ATTACHMENT|C:\\Users\\vinayaka.prabhu\\Katalon Studio\\Unified_Wallet_UI_Test\\Reports\\Complete_Wallet_UI\\Complete_Wallet_UI\\20191011_161456\\1570791053279.png]]</system-out>
            <system-err>2019-10-11 16:20:35 - [TEST_CASE][FAILED] - Test Cases/Employee/Employee_Role_And_Task/Task Group/Delete/Delete_RoleInactive_ShouldSucceed: Test Cases/Employee/Employee_Role_And_Task/Task Group/Delete/Delete_RoleInactive_ShouldSucceed FAILED.
Reason:
com.kms.katalon.core.exception.StepFailedException: Unable to verify text 'deleted successfully' is present &#xD;
	at com.kms.katalon.core.webui.keyword.internal.WebUIKeywordMain.stepFailed(WebUIKeywordMain.groovy:64)&#xD;
	at com.kms.katalon.core.webui.keyword.internal.WebUIKeywordMain.runKeyword(WebUIKeywordMain.groovy:26)&#xD;
	at com.kms.katalon.core.webui.keyword.builtin.VerifyTextPresentKeyword.verifyTextPresent(VerifyTextPresentKeyword.groovy:83)&#xD;
	at com.kms.katalon.core.webui.keyword.builtin.VerifyTextPresentKeyword.execute(VerifyTextPresentKeyword.groovy:68)&#xD;
	at com.kms.katalon.core.keyword.internal.KeywordExecutor.executeKeywordForPlatform(KeywordExecutor.groovy:56)&#xD;
	at com.kms.katalon.core.webui.keyword.WebUiBuiltInKeywords.verifyTextPresent(WebUiBuiltInKeywords.groovy:1693)&#xD;
	at com.kms.katalon.core.webui.keyword.WebUiBuiltInKeywords$verifyTextPresent$6.call(Unknown Source)&#xD;
	at Delete_RoleInactive_ShouldSucceed.run(Delete_RoleInactive_ShouldSucceed:44)&#xD;
	at com.kms.katalon.core.main.ScriptEngine.run(ScriptEngine.java:194)&#xD;
	at com.kms.katalon.core.main.ScriptEngine.runScriptAsRawText(ScriptEngine.java:119)&#xD;
	at com.kms.katalon.core.main.TestCaseExecutor.runScript(TestCaseExecutor.java:337)&#xD;
	at com.kms.katalon.core.main.TestCaseExecutor.doExecute(TestCaseExecutor.java:328)&#xD;
	at com.kms.katalon.core.main.TestCaseExecutor.processExecutionPhase(TestCaseExecutor.java:307)&#xD;
	at com.kms.katalon.core.main.TestCaseExecutor.accessMainPhase(TestCaseExecutor.java:299)&#xD;
	at com.kms.katalon.core.main.TestCaseExecutor.execute(TestCaseExecutor.java:233)&#xD;
	at com.kms.katalon.core.main.TestSuiteExecutor.accessTestCaseMainPhase(TestSuiteExecutor.java:133)&#xD;
	at com.kms.katalon.core.main.TestSuiteExecutor.accessTestSuiteMainPhase(TestSuiteExecutor.java:116)&#xD;
	at com.kms.katalon.core.main.TestSuiteExecutor.execute(TestSuiteExecutor.java:83)&#xD;
	at com.kms.katalon.core.main.TestCaseMain.startTestSuite(TestCaseMain.java:157)&#xD;
	at com.kms.katalon.core.main.TestCaseMain$startTestSuite$0.call(Unknown Source)&#xD;
	at TempTestSuite1570790696642.run(TempTestSuite1570790696642.groovy:35)&#xD;
Caused by: com.kms.katalon.core.exception.StepFailedException: Text 'deleted successfully' is not present on page &#xD;
	at com.kms.katalon.core.webui.keyword.internal.WebUIKeywordMain.stepFailed(WebUIKeywordMain.groovy:64)&#xD;
	at com.kms.katalon.core.webui.keyword.builtin.VerifyTextPresentKeyword$_verifyTextPresent_closure1.doCall(VerifyTextPresentKeyword.groovy:79)&#xD;
	at com.kms.katalon.core.webui.keyword.builtin.VerifyTextPresentKeyword$_verifyTextPresent_closure1.call(VerifyTextPresentKeyword.groovy)&#xD;
	at com.kms.katalon.core.webui.keyword.internal.WebUIKeywordMain.runKeyword(WebUIKeywordMain.groovy:20)&#xD;
	... 19 more</system-err>
        </testcase>
        <system-out>2019-10-11 16:14:59 - [TEST_SUITE][INCOMPLETE] - Complete_Wallet_UI: null</system-out>
        <system-err>2019-10-11 16:14:59 - [TEST_SUITE][INCOMPLETE] - Complete_Wallet_UI: null</system-err>
    </testsuite>
</testsuites>
