[ {
  "Suite/Test/Step Name" : "employee testsuite",
  "Browser" : "Chrome 76.0.3809.100",
  "Description" : "Admin login       \\t\\t\\t\\t\\t\\t\\t\\t\\t\\t\\t\\t\\t\\t\\t\\nadd taskgroup and role.: \\t\\t\\t\\t\\t\\t\\t\\t\\t\\t\\t\\t\\t\\n\\t\\tname :code description : tvin        \\n\\t\\ttasks :all - role-create\\t\\t\\t\\t\\t\\t\\t\\t\\t\\t\\t\\t\\n\\t\\trole :def  amd tgroup871  verify 2 and 32\\t\\t\\t\\t\\t\\t\\t\\nadd existing taskgroup and role should fail\\t\\t\\t\\t\\t\\t\\t\\t\\t\\nedit taskgroup roles.\\t\\t\\t\\t\\t\\t\\t\\t\\t\\t\\t\\t\\t\\t\\n\\t\\trole :tgroup 871  verify 2 and 33\\nadd role\\t\\t\\t\\t\\t\\t\\t\\t\\t\\t\\t\\t\\t\\t\\t\\t\\t\\n\\t\\tname :code description : rvin\\t\\n\\t\\ttask\\ttvinn and a  verify 2\\nadd existing role and role should fail\\t\\t\\t\\t\\t\\t\\t\\t\\t\\t\\nedit role\\t\\n\\t\\ttask tvinn verify 1\\t\\t\\nAdd employee  : id : 1000 , loginname :temployee email : t@email.com  name : testing \\t\\t\\t\\t\\t\\t\\n\\taccess : everything except rvinn \\t\\t\\t\\t\\t\\t\\t\\t\\t\\t\\t\\t\\t\\t\\t\\t\\t\\tNO  \\nAdd existing employee should fail\\t\\t\\t\\t\\t\\t\\t\\t\\t\\t\\t\\nedit employee  \\t\\t\\t\\t\\t\\t\\t\\t\\t\\t\\t\\t\\t\\t\\t\\t\\n\\tname      :     test\\n\\taccess    :     rvinn\\t\\nemployee login\\t\\t\\t\\t\\t\\t\\t\\t\\t\\t\\t\\t\\t\\t\\t\\n\\tchange password  : Zxc@123\\nadmin login\\ninactive employee  :  temployee\\t\\t\\t\\t\\t\\t\\t\\t\\t\\t\\t\\t\\ninactive employee login \\t\\t\\t\\t\\t\\t\\t\\t\\t\\t\\nwrong admin login should fail\\t\\t\\t\\t\\t\\t\\t\\t\\t\\t\\t\\t\\nadmin login\\t\\t\\t\\t\\t\\t\\t\\t\\t\\t\\t\\t\\t\\t\\t\\t\\nactivate employee\\t\\t\\t\\t\\t\\t\\t\\t\\t\\t\\t\\t\\t\\t\\t\\nreset password and login: Abc@123\\ndelete role before employee should give error\\t\\t  \\t\\t\\t\\t\\t\\t\\ndelete employee\\t\\t\\t\\t\\t\\t\\t\\t\\t\\t\\t\\t\\t\\t\\t\\ndelete taskgroup : tvinn  verify not possible message\\t\\t\\t\\t\\t\\t\\ndelete role : rvinn verify message\\t\\t\\t\\t\\t\\t\\t\\t\\t\\t\\t\\ndelete taskgroup : tvinn verify  message",
  "Tag" : "",
  "Start time" : "2019-08-27 18:04:16",
  "End time" : "2019-08-27 18:04:54",
  "Duration" : "37.514s",
  "Status" : "INCOMPLETE"
}, {
  "Suite/Test/Step Name" : "",
  "Browser" : "",
  "Description" : "",
  "Tag" : "",
  "Start time" : "",
  "End time" : "",
  "Duration" : "",
  "Status" : ""
}, {
  "Suite/Test/Step Name" : "Test Cases/Login/AdminLogin_ShouldSucceed",
  "Browser" : "Chrome 76.0.3809.100",
  "Description" : "Logs in to the machine and closes the browser.",
  "Tag" : "login",
  "Start time" : "2019-08-27 18:04:16",
  "End time" : "2019-08-27 18:04:54",
  "Duration" : "37.363s",
  "Status" : "FAILED"
}, {
  "Suite/Test/Step Name" : "openBrowser(\"\")",
  "Browser" : "Chrome 76.0.3809.100",
  "Description" : "",
  "Tag" : "",
  "Start time" : "2019-08-27 18:04:17",
  "End time" : "2019-08-27 18:04:22",
  "Duration" : "5.150s",
  "Status" : "PASSED"
}, {
  "Suite/Test/Step Name" : "maximizeWindow()",
  "Browser" : "Chrome 76.0.3809.100",
  "Description" : "",
  "Tag" : "",
  "Start time" : "2019-08-27 18:04:22",
  "End time" : "2019-08-27 18:04:24",
  "Duration" : "2.134s",
  "Status" : "PASSED"
}, {
  "Suite/Test/Step Name" : "navigateToUrl(login_url)",
  "Browser" : "Chrome 76.0.3809.100",
  "Description" : "",
  "Tag" : "",
  "Start time" : "2019-08-27 18:04:24",
  "End time" : "2019-08-27 18:04:46",
  "Duration" : "22.463s",
  "Status" : "PASSED"
}, {
  "Suite/Test/Step Name" : "setText(findTestObject(\"Object Repository/Login_OR/AdminLogin_ShouldSucceed/Page_Unified Wallet/input_Sign in_mat-input-0\"), username_admin)",
  "Browser" : "Chrome 76.0.3809.100",
  "Description" : "",
  "Tag" : "",
  "Start time" : "2019-08-27 18:04:46",
  "End time" : "2019-08-27 18:04:54",
  "Duration" : "7.437s",
  "Status" : "FAILED"
} ]